<?xml version="1.0" encoding="UTF-8"?>
<testsuite xmlns:xsi="http://www.w3.org/2001/XMLSchema-instance" xsi:noNamespaceSchemaLocation="https://maven.apache.org/surefire/maven-surefire-plugin/xsd/surefire-test-report-3.0.xsd" version="3.0" name="aed.BerretacoinTests" time="0.521" tests="15" errors="0" skipped="0" failures="8">
  <properties>
[...]
</properties>
  <testcase name="hackeoUnicaTransaccion" classname="aed.BerretacoinTests" time="0.09">
    <system-out><![CDATA[Creando usuario 1
Creando usuario 2
Creando usuario 3
Creando usuario 4
Creando usuario 5
Creando usuario 6
Creando usuario 7
Creando usuario 8
Creando usuario 9
Creando usuario 10
Antes de la transacción:
Comprador: Usuario{id=0, monto=0}
Vendedor: Usuario{id=1, monto=0}
Actualizando monto de usuario 1 de 0 a 1
1
Actualizando vendedor 1 con nuevo monto 1
Llamando siftUp y siftDownUsuario{id=1, monto=1}
Intercambiando nodo Usuario{id=1, monto=1} con nodo Usuario{id=0, monto=0}
Después de la transacción:
Comprador: Usuario{id=0, monto=0}
Vendedor: Usuario{id=1, monto=1}
Transacciones agregadas al bloque:
Tx: comprador=0, vendedor=1, monto=1, id de transaccion= 0
Hackeando transacción: Transaccion{id=0, comprador=0, vendedor=1, monto=1}
Transacciones restantes en el último bloque:
]]></system-out>
  </testcase>
  <testcase name="maximoTenedorEsElMinimoCuandoNuevo" classname="aed.BerretacoinTests" time="0">
    <failure message="expected: &lt;0&gt; but was: &lt;1&gt;" type="org.opentest4j.AssertionFailedError"><![CDATA[org.opentest4j.AssertionFailedError: expected: <0> but was: <1>
	at org.junit.jupiter.api.AssertionFailureBuilder.build(AssertionFailureBuilder.java:151)
	at org.junit.jupiter.api.AssertionFailureBuilder.buildAndThrow(AssertionFailureBuilder.java:132)
	at org.junit.jupiter.api.AssertEquals.failNotEqual(AssertEquals.java:197)
	at org.junit.jupiter.api.AssertEquals.assertEquals(AssertEquals.java:150)
	at org.junit.jupiter.api.AssertEquals.assertEquals(AssertEquals.java:145)
	at org.junit.jupiter.api.Assertions.assertEquals(Assertions.java:528)
	at aed.BerretacoinTests.maximoTenedorEsElMinimoCuandoNuevo(BerretacoinTests.java:102)
	at java.base/jdk.internal.reflect.DirectMethodHandleAccessor.invoke(DirectMethodHandleAccessor.java:103)
	at java.base/java.lang.reflect.Method.invoke(Method.java:580)
	at org.junit.platform.commons.util.ReflectionUtils.invokeMethod(ReflectionUtils.java:727)
	at org.junit.jupiter.engine.execution.MethodInvocation.proceed(MethodInvocation.java:60)
	at org.junit.jupiter.engine.execution.InvocationInterceptorChain$ValidatingInvocation.proceed(InvocationInterceptorChain.java:131)
	at org.junit.jupiter.engine.extension.TimeoutExtension.intercept(TimeoutExtension.java:156)
	at org.junit.jupiter.engine.extension.TimeoutExtension.interceptTestableMethod(TimeoutExtension.java:147)
	at org.junit.jupiter.engine.extension.TimeoutExtension.interceptTestMethod(TimeoutExtension.java:86)
	at org.junit.jupiter.engine.execution.InterceptingExecutableInvoker$ReflectiveInterceptorCall.lambda$ofVoidMethod$0(InterceptingExecutableInvoker.java:103)
	at org.junit.jupiter.engine.execution.InterceptingExecutableInvoker.lambda$invoke$0(InterceptingExecutableInvoker.java:93)
	at org.junit.jupiter.engine.execution.InvocationInterceptorChain$InterceptedInvocation.proceed(InvocationInterceptorChain.java:106)
	at org.junit.jupiter.engine.execution.InvocationInterceptorChain.proceed(InvocationInterceptorChain.java:64)
	at org.junit.jupiter.engine.execution.InvocationInterceptorChain.chainAndInvoke(InvocationInterceptorChain.java:45)
	at org.junit.jupiter.engine.execution.InvocationInterceptorChain.invoke(InvocationInterceptorChain.java:37)
	at org.junit.jupiter.engine.execution.InterceptingExecutableInvoker.invoke(InterceptingExecutableInvoker.java:92)
	at org.junit.jupiter.engine.execution.InterceptingExecutableInvoker.invoke(InterceptingExecutableInvoker.java:86)
	at org.junit.jupiter.engine.descriptor.TestMethodTestDescriptor.lambda$invokeTestMethod$7(TestMethodTestDescriptor.java:217)
	at org.junit.platform.engine.support.hierarchical.ThrowableCollector.execute(ThrowableCollector.java:73)
	at org.junit.jupiter.engine.descriptor.TestMethodTestDescriptor.invokeTestMethod(TestMethodTestDescriptor.java:213)
	at org.junit.jupiter.engine.descriptor.TestMethodTestDescriptor.execute(TestMethodTestDescriptor.java:138)
	at org.junit.jupiter.engine.descriptor.TestMethodTestDescriptor.execute(TestMethodTestDescriptor.java:68)
	at org.junit.platform.engine.support.hierarchical.NodeTestTask.lambda$executeRecursively$6(NodeTestTask.java:151)
	at org.junit.platform.engine.support.hierarchical.ThrowableCollector.execute(ThrowableCollector.java:73)
	at org.junit.platform.engine.support.hierarchical.NodeTestTask.lambda$executeRecursively$8(NodeTestTask.java:141)
	at org.junit.platform.engine.support.hierarchical.Node.around(Node.java:137)
	at org.junit.platform.engine.support.hierarchical.NodeTestTask.lambda$executeRecursively$9(NodeTestTask.java:139)
	at org.junit.platform.engine.support.hierarchical.ThrowableCollector.execute(ThrowableCollector.java:73)
	at org.junit.platform.engine.support.hierarchical.NodeTestTask.executeRecursively(NodeTestTask.java:138)
	at org.junit.platform.engine.support.hierarchical.NodeTestTask.execute(NodeTestTask.java:95)
	at java.base/java.util.ArrayList.forEach(ArrayList.java:1597)
	at org.junit.platform.engine.support.hierarchical.SameThreadHierarchicalTestExecutorService.invokeAll(SameThreadHierarchicalTestExecutorService.java:41)
	at org.junit.platform.engine.support.hierarchical.NodeTestTask.lambda$executeRecursively$6(NodeTestTask.java:155)
	at org.junit.platform.engine.support.hierarchical.ThrowableCollector.execute(ThrowableCollector.java:73)
	at org.junit.platform.engine.support.hierarchical.NodeTestTask.lambda$executeRecursively$8(NodeTestTask.java:141)
	at org.junit.platform.engine.support.hierarchical.Node.around(Node.java:137)
	at org.junit.platform.engine.support.hierarchical.NodeTestTask.lambda$executeRecursively$9(NodeTestTask.java:139)
	at org.junit.platform.engine.support.hierarchical.ThrowableCollector.execute(ThrowableCollector.java:73)
	at org.junit.platform.engine.support.hierarchical.NodeTestTask.executeRecursively(NodeTestTask.java:138)
	at org.junit.platform.engine.support.hierarchical.NodeTestTask.execute(NodeTestTask.java:95)
	at java.base/java.util.ArrayList.forEach(ArrayList.java:1597)
	at org.junit.platform.engine.support.hierarchical.SameThreadHierarchicalTestExecutorService.invokeAll(SameThreadHierarchicalTestExecutorService.java:41)
	at org.junit.platform.engine.support.hierarchical.NodeTestTask.lambda$executeRecursively$6(NodeTestTask.java:155)
	at org.junit.platform.engine.support.hierarchical.ThrowableCollector.execute(ThrowableCollector.java:73)
	at org.junit.platform.engine.support.hierarchical.NodeTestTask.lambda$executeRecursively$8(NodeTestTask.java:141)
	at org.junit.platform.engine.support.hierarchical.Node.around(Node.java:137)
	at org.junit.platform.engine.support.hierarchical.NodeTestTask.lambda$executeRecursively$9(NodeTestTask.java:139)
	at org.junit.platform.engine.support.hierarchical.ThrowableCollector.execute(ThrowableCollector.java:73)
	at org.junit.platform.engine.support.hierarchical.NodeTestTask.executeRecursively(NodeTestTask.java:138)
	at org.junit.platform.engine.support.hierarchical.NodeTestTask.execute(NodeTestTask.java:95)
	at org.junit.platform.engine.support.hierarchical.SameThreadHierarchicalTestExecutorService.submit(SameThreadHierarchicalTestExecutorService.java:35)
	at org.junit.platform.engine.support.hierarchical.HierarchicalTestExecutor.execute(HierarchicalTestExecutor.java:57)
	at org.junit.platform.engine.support.hierarchical.HierarchicalTestEngine.execute(HierarchicalTestEngine.java:54)
	at org.junit.platform.launcher.core.EngineExecutionOrchestrator.execute(EngineExecutionOrchestrator.java:147)
	at org.junit.platform.launcher.core.EngineExecutionOrchestrator.execute(EngineExecutionOrchestrator.java:127)
	at org.junit.platform.launcher.core.EngineExecutionOrchestrator.execute(EngineExecutionOrchestrator.java:90)
	at org.junit.platform.launcher.core.EngineExecutionOrchestrator.lambda$execute$0(EngineExecutionOrchestrator.java:55)
	at org.junit.platform.launcher.core.EngineExecutionOrchestrator.withInterceptedStreams(EngineExecutionOrchestrator.java:102)
	at org.junit.platform.launcher.core.EngineExecutionOrchestrator.execute(EngineExecutionOrchestrator.java:54)
	at org.junit.platform.launcher.core.DefaultLauncher.execute(DefaultLauncher.java:114)
	at org.junit.platform.launcher.core.DefaultLauncher.execute(DefaultLauncher.java:86)
	at org.junit.platform.launcher.core.DefaultLauncherSession$DelegatingLauncher.execute(DefaultLauncherSession.java:86)
	at org.apache.maven.surefire.junitplatform.LazyLauncher.execute(LazyLauncher.java:50)
	at org.apache.maven.surefire.junitplatform.JUnitPlatformProvider.execute(JUnitPlatformProvider.java:184)
	at org.apache.maven.surefire.junitplatform.JUnitPlatformProvider.invokeAllTests(JUnitPlatformProvider.java:148)
	at org.apache.maven.surefire.junitplatform.JUnitPlatformProvider.invoke(JUnitPlatformProvider.java:122)
	at org.apache.maven.surefire.booter.ForkedBooter.runSuitesInProcess(ForkedBooter.java:385)
	at org.apache.maven.surefire.booter.ForkedBooter.execute(ForkedBooter.java:162)
	at org.apache.maven.surefire.booter.ForkedBooter.run(ForkedBooter.java:507)
	at org.apache.maven.surefire.booter.ForkedBooter.main(ForkedBooter.java:495)
]]></failure>
    <system-out><![CDATA[Creando usuario 1
Creando usuario 2
Creando usuario 3
Creando usuario 4
Creando usuario 5
Creando usuario 6
Creando usuario 7
Creando usuario 8
Creando usuario 9
Creando usuario 10
Máximo del heap: Usuario{id=0, monto=0}
]]></system-out>
  </testcase>
  <testcase name="hackeoTotalDeBloque" classname="aed.BerretacoinTests" time="0.019">
    <failure message="expected: &lt;true&gt; but was: &lt;false&gt;" type="org.opentest4j.AssertionFailedError"><![CDATA[org.opentest4j.AssertionFailedError: expected: <true> but was: <false>
	at org.junit.jupiter.api.AssertionFailureBuilder.build(AssertionFailureBuilder.java:151)
	at org.junit.jupiter.api.AssertionFailureBuilder.buildAndThrow(AssertionFailureBuilder.java:132)
	at org.junit.jupiter.api.AssertTrue.failNotTrue(AssertTrue.java:63)
	at org.junit.jupiter.api.AssertTrue.assertTrue(AssertTrue.java:36)
	at org.junit.jupiter.api.AssertTrue.assertTrue(AssertTrue.java:31)
	at org.junit.jupiter.api.Assertions.assertTrue(Assertions.java:180)
	at aed.BerretacoinTests.hackeoTotalDeBloque(BerretacoinTests.java:273)
	at java.base/jdk.internal.reflect.DirectMethodHandleAccessor.invoke(DirectMethodHandleAccessor.java:103)
	at java.base/java.lang.reflect.Method.invoke(Method.java:580)
	at org.junit.platform.commons.util.ReflectionUtils.invokeMethod(ReflectionUtils.java:727)
	at org.junit.jupiter.engine.execution.MethodInvocation.proceed(MethodInvocation.java:60)
	at org.junit.jupiter.engine.execution.InvocationInterceptorChain$ValidatingInvocation.proceed(InvocationInterceptorChain.java:131)
	at org.junit.jupiter.engine.extension.TimeoutExtension.intercept(TimeoutExtension.java:156)
	at org.junit.jupiter.engine.extension.TimeoutExtension.interceptTestableMethod(TimeoutExtension.java:147)
	at org.junit.jupiter.engine.extension.TimeoutExtension.interceptTestMethod(TimeoutExtension.java:86)
	at org.junit.jupiter.engine.execution.InterceptingExecutableInvoker$ReflectiveInterceptorCall.lambda$ofVoidMethod$0(InterceptingExecutableInvoker.java:103)
	at org.junit.jupiter.engine.execution.InterceptingExecutableInvoker.lambda$invoke$0(InterceptingExecutableInvoker.java:93)
	at org.junit.jupiter.engine.execution.InvocationInterceptorChain$InterceptedInvocation.proceed(InvocationInterceptorChain.java:106)
	at org.junit.jupiter.engine.execution.InvocationInterceptorChain.proceed(InvocationInterceptorChain.java:64)
	at org.junit.jupiter.engine.execution.InvocationInterceptorChain.chainAndInvoke(InvocationInterceptorChain.java:45)
	at org.junit.jupiter.engine.execution.InvocationInterceptorChain.invoke(InvocationInterceptorChain.java:37)
	at org.junit.jupiter.engine.execution.InterceptingExecutableInvoker.invoke(InterceptingExecutableInvoker.java:92)
	at org.junit.jupiter.engine.execution.InterceptingExecutableInvoker.invoke(InterceptingExecutableInvoker.java:86)
	at org.junit.jupiter.engine.descriptor.TestMethodTestDescriptor.lambda$invokeTestMethod$7(TestMethodTestDescriptor.java:217)
	at org.junit.platform.engine.support.hierarchical.ThrowableCollector.execute(ThrowableCollector.java:73)
	at org.junit.jupiter.engine.descriptor.TestMethodTestDescriptor.invokeTestMethod(TestMethodTestDescriptor.java:213)
	at org.junit.jupiter.engine.descriptor.TestMethodTestDescriptor.execute(TestMethodTestDescriptor.java:138)
	at org.junit.jupiter.engine.descriptor.TestMethodTestDescriptor.execute(TestMethodTestDescriptor.java:68)
	at org.junit.platform.engine.support.hierarchical.NodeTestTask.lambda$executeRecursively$6(NodeTestTask.java:151)
	at org.junit.platform.engine.support.hierarchical.ThrowableCollector.execute(ThrowableCollector.java:73)
	at org.junit.platform.engine.support.hierarchical.NodeTestTask.lambda$executeRecursively$8(NodeTestTask.java:141)
	at org.junit.platform.engine.support.hierarchical.Node.around(Node.java:137)
	at org.junit.platform.engine.support.hierarchical.NodeTestTask.lambda$executeRecursively$9(NodeTestTask.java:139)
	at org.junit.platform.engine.support.hierarchical.ThrowableCollector.execute(ThrowableCollector.java:73)
	at org.junit.platform.engine.support.hierarchical.NodeTestTask.executeRecursively(NodeTestTask.java:138)
	at org.junit.platform.engine.support.hierarchical.NodeTestTask.execute(NodeTestTask.java:95)
	at java.base/java.util.ArrayList.forEach(ArrayList.java:1597)
	at org.junit.platform.engine.support.hierarchical.SameThreadHierarchicalTestExecutorService.invokeAll(SameThreadHierarchicalTestExecutorService.java:41)
	at org.junit.platform.engine.support.hierarchical.NodeTestTask.lambda$executeRecursively$6(NodeTestTask.java:155)
	at org.junit.platform.engine.support.hierarchical.ThrowableCollector.execute(ThrowableCollector.java:73)
	at org.junit.platform.engine.support.hierarchical.NodeTestTask.lambda$executeRecursively$8(NodeTestTask.java:141)
	at org.junit.platform.engine.support.hierarchical.Node.around(Node.java:137)
	at org.junit.platform.engine.support.hierarchical.NodeTestTask.lambda$executeRecursively$9(NodeTestTask.java:139)
	at org.junit.platform.engine.support.hierarchical.ThrowableCollector.execute(ThrowableCollector.java:73)
	at org.junit.platform.engine.support.hierarchical.NodeTestTask.executeRecursively(NodeTestTask.java:138)
	at org.junit.platform.engine.support.hierarchical.NodeTestTask.execute(NodeTestTask.java:95)
	at java.base/java.util.ArrayList.forEach(ArrayList.java:1597)
	at org.junit.platform.engine.support.hierarchical.SameThreadHierarchicalTestExecutorService.invokeAll(SameThreadHierarchicalTestExecutorService.java:41)
	at org.junit.platform.engine.support.hierarchical.NodeTestTask.lambda$executeRecursively$6(NodeTestTask.java:155)
	at org.junit.platform.engine.support.hierarchical.ThrowableCollector.execute(ThrowableCollector.java:73)
	at org.junit.platform.engine.support.hierarchical.NodeTestTask.lambda$executeRecursively$8(NodeTestTask.java:141)
	at org.junit.platform.engine.support.hierarchical.Node.around(Node.java:137)
	at org.junit.platform.engine.support.hierarchical.NodeTestTask.lambda$executeRecursively$9(NodeTestTask.java:139)
	at org.junit.platform.engine.support.hierarchical.ThrowableCollector.execute(ThrowableCollector.java:73)
	at org.junit.platform.engine.support.hierarchical.NodeTestTask.executeRecursively(NodeTestTask.java:138)
	at org.junit.platform.engine.support.hierarchical.NodeTestTask.execute(NodeTestTask.java:95)
	at org.junit.platform.engine.support.hierarchical.SameThreadHierarchicalTestExecutorService.submit(SameThreadHierarchicalTestExecutorService.java:35)
	at org.junit.platform.engine.support.hierarchical.HierarchicalTestExecutor.execute(HierarchicalTestExecutor.java:57)
	at org.junit.platform.engine.support.hierarchical.HierarchicalTestEngine.execute(HierarchicalTestEngine.java:54)
	at org.junit.platform.launcher.core.EngineExecutionOrchestrator.execute(EngineExecutionOrchestrator.java:147)
	at org.junit.platform.launcher.core.EngineExecutionOrchestrator.execute(EngineExecutionOrchestrator.java:127)
	at org.junit.platform.launcher.core.EngineExecutionOrchestrator.execute(EngineExecutionOrchestrator.java:90)
	at org.junit.platform.launcher.core.EngineExecutionOrchestrator.lambda$execute$0(EngineExecutionOrchestrator.java:55)
	at org.junit.platform.launcher.core.EngineExecutionOrchestrator.withInterceptedStreams(EngineExecutionOrchestrator.java:102)
	at org.junit.platform.launcher.core.EngineExecutionOrchestrator.execute(EngineExecutionOrchestrator.java:54)
	at org.junit.platform.launcher.core.DefaultLauncher.execute(DefaultLauncher.java:114)
	at org.junit.platform.launcher.core.DefaultLauncher.execute(DefaultLauncher.java:86)
	at org.junit.platform.launcher.core.DefaultLauncherSession$DelegatingLauncher.execute(DefaultLauncherSession.java:86)
	at org.apache.maven.surefire.junitplatform.LazyLauncher.execute(LazyLauncher.java:50)
	at org.apache.maven.surefire.junitplatform.JUnitPlatformProvider.execute(JUnitPlatformProvider.java:184)
	at org.apache.maven.surefire.junitplatform.JUnitPlatformProvider.invokeAllTests(JUnitPlatformProvider.java:148)
	at org.apache.maven.surefire.junitplatform.JUnitPlatformProvider.invoke(JUnitPlatformProvider.java:122)
	at org.apache.maven.surefire.booter.ForkedBooter.runSuitesInProcess(ForkedBooter.java:385)
	at org.apache.maven.surefire.booter.ForkedBooter.execute(ForkedBooter.java:162)
	at org.apache.maven.surefire.booter.ForkedBooter.run(ForkedBooter.java:507)
	at org.apache.maven.surefire.booter.ForkedBooter.main(ForkedBooter.java:495)
]]></failure>
    <system-out><![CDATA[Creando usuario 1
Creando usuario 2
Creando usuario 3
Creando usuario 4
Creando usuario 5
Creando usuario 6
Creando usuario 7
Creando usuario 8
Creando usuario 9
Creando usuario 10
Antes de la transacción:
Comprador: Usuario{id=0, monto=0}
Vendedor: Usuario{id=1, monto=0}
Actualizando monto de usuario 1 de 0 a 1
1
Actualizando vendedor 1 con nuevo monto 1
Llamando siftUp y siftDownUsuario{id=1, monto=1}
Intercambiando nodo Usuario{id=1, monto=1} con nodo Usuario{id=0, monto=0}
Después de la transacción:
Comprador: Usuario{id=0, monto=0}
Vendedor: Usuario{id=1, monto=1}
Antes de la transacción:
Comprador: Usuario{id=1, monto=1}
Vendedor: Usuario{id=2, monto=0}
Actualizando monto de usuario 1 de 1 a 0
0
Actualizando comprador 1 con nuevo monto 0
Llamando siftUp y siftDownUsuario{id=1, monto=0}
Intercambiando nodo Usuario{id=1, monto=0} con nodo Usuario{id=0, monto=0}
Actualizando monto de usuario 2 de 0 a 1
1
Actualizando vendedor 2 con nuevo monto 1
Llamando siftUp y siftDownUsuario{id=2, monto=1}
Intercambiando nodo Usuario{id=2, monto=1} con nodo Usuario{id=0, monto=0}
Después de la transacción:
Comprador: Usuario{id=1, monto=0}
Vendedor: Usuario{id=2, monto=1}
Intercambiando nodo Transaccion{id=1, comprador=1, vendedor=2, monto=1} con nodo Transaccion{id=0, comprador=0, vendedor=1, monto=1}
Antes de la transacción:
Comprador: Usuario{id=2, monto=1}
Vendedor: Usuario{id=3, monto=0}
Actualizando monto de usuario 2 de 1 a 0
0
Actualizando comprador 2 con nuevo monto 0
Llamando siftUp y siftDownUsuario{id=2, monto=0}
Intercambiando nodo Usuario{id=2, monto=0} con nodo Usuario{id=0, monto=0}
Actualizando monto de usuario 3 de 0 a 1
1
Actualizando vendedor 3 con nuevo monto 1
Llamando siftUp y siftDownUsuario{id=3, monto=1}
Intercambiando nodo Usuario{id=3, monto=1} con nodo Usuario{id=1, monto=0}
Intercambiando nodo Usuario{id=3, monto=1} con nodo Usuario{id=0, monto=0}
Después de la transacción:
Comprador: Usuario{id=2, monto=0}
Vendedor: Usuario{id=3, monto=1}
Intercambiando nodo Transaccion{id=2, comprador=2, vendedor=3, monto=1} con nodo Transaccion{id=1, comprador=1, vendedor=2, monto=1}
Transacciones agregadas al bloque:
Tx: comprador=0, vendedor=1, monto=1, id de transaccion= 0
Tx: comprador=1, vendedor=2, monto=1, id de transaccion= 1
Tx: comprador=2, vendedor=3, monto=1, id de transaccion= 2
Intercambiando nodo Transaccion{id=2, comprador=2, vendedor=3, monto=1} con nodo Transaccion{id=1, comprador=1, vendedor=2, monto=1}
Hackeando transacción: Transaccion{id=2, comprador=2, vendedor=3, monto=1}
Transacciones restantes en el último bloque: [id=0, compr=0, vend=1, m=1] [id=1, compr=1, vend=2, m=1]
]]></system-out>
  </testcase>
  <testcase name="empatesEnTransaccionMayorValor" classname="aed.BerretacoinTests" time="0.018">
    <system-out><![CDATA[Creando usuario 1
Creando usuario 2
Creando usuario 3
Creando usuario 4
Creando usuario 5
Creando usuario 6
Creando usuario 7
Creando usuario 8
Creando usuario 9
Creando usuario 10
Antes de la transacción:
Comprador: Usuario{id=0, monto=0}
Vendedor: Usuario{id=1, monto=0}
Actualizando monto de usuario 1 de 0 a 1
1
Actualizando vendedor 1 con nuevo monto 1
Llamando siftUp y siftDownUsuario{id=1, monto=1}
Intercambiando nodo Usuario{id=1, monto=1} con nodo Usuario{id=0, monto=0}
Después de la transacción:
Comprador: Usuario{id=0, monto=0}
Vendedor: Usuario{id=1, monto=1}
Antes de la transacción:
Comprador: Usuario{id=1, monto=1}
Vendedor: Usuario{id=2, monto=0}
Actualizando monto de usuario 1 de 1 a 0
0
Actualizando comprador 1 con nuevo monto 0
Llamando siftUp y siftDownUsuario{id=1, monto=0}
Intercambiando nodo Usuario{id=1, monto=0} con nodo Usuario{id=0, monto=0}
Actualizando monto de usuario 2 de 0 a 1
1
Actualizando vendedor 2 con nuevo monto 1
Llamando siftUp y siftDownUsuario{id=2, monto=1}
Intercambiando nodo Usuario{id=2, monto=1} con nodo Usuario{id=0, monto=0}
Después de la transacción:
Comprador: Usuario{id=1, monto=0}
Vendedor: Usuario{id=2, monto=1}
Intercambiando nodo Transaccion{id=1, comprador=1, vendedor=2, monto=1} con nodo Transaccion{id=0, comprador=0, vendedor=1, monto=1}
Antes de la transacción:
Comprador: Usuario{id=2, monto=1}
Vendedor: Usuario{id=3, monto=0}
Actualizando monto de usuario 2 de 1 a 0
0
Actualizando comprador 2 con nuevo monto 0
Llamando siftUp y siftDownUsuario{id=2, monto=0}
Intercambiando nodo Usuario{id=2, monto=0} con nodo Usuario{id=0, monto=0}
Actualizando monto de usuario 3 de 0 a 1
1
Actualizando vendedor 3 con nuevo monto 1
Llamando siftUp y siftDownUsuario{id=3, monto=1}
Intercambiando nodo Usuario{id=3, monto=1} con nodo Usuario{id=1, monto=0}
Intercambiando nodo Usuario{id=3, monto=1} con nodo Usuario{id=0, monto=0}
Después de la transacción:
Comprador: Usuario{id=2, monto=0}
Vendedor: Usuario{id=3, monto=1}
Intercambiando nodo Transaccion{id=2, comprador=2, vendedor=3, monto=1} con nodo Transaccion{id=1, comprador=1, vendedor=2, monto=1}
Antes de la transacción:
Comprador: Usuario{id=3, monto=1}
Vendedor: Usuario{id=4, monto=0}
Actualizando monto de usuario 3 de 1 a 0
0
Actualizando comprador 3 con nuevo monto 0
Llamando siftUp y siftDownUsuario{id=3, monto=0}
Intercambiando nodo Usuario{id=3, monto=0} con nodo Usuario{id=0, monto=0}
Intercambiando nodo Usuario{id=3, monto=0} con nodo Usuario{id=1, monto=0}
Actualizando monto de usuario 4 de 0 a 1
1
Actualizando vendedor 4 con nuevo monto 1
Llamando siftUp y siftDownUsuario{id=4, monto=1}
Intercambiando nodo Usuario{id=4, monto=1} con nodo Usuario{id=2, monto=0}
Intercambiando nodo Usuario{id=4, monto=1} con nodo Usuario{id=0, monto=0}
Después de la transacción:
Comprador: Usuario{id=3, monto=0}
Vendedor: Usuario{id=4, monto=1}
Intercambiando nodo Transaccion{id=3, comprador=3, vendedor=4, monto=1} con nodo Transaccion{id=0, comprador=0, vendedor=1, monto=1}
Intercambiando nodo Transaccion{id=3, comprador=3, vendedor=4, monto=1} con nodo Transaccion{id=2, comprador=2, vendedor=3, monto=1}
Antes de la transacción:
Comprador: Usuario{id=4, monto=1}
Vendedor: Usuario{id=5, monto=0}
Actualizando monto de usuario 4 de 1 a 0
0
Actualizando comprador 4 con nuevo monto 0
Llamando siftUp y siftDownUsuario{id=4, monto=0}
Intercambiando nodo Usuario{id=4, monto=0} con nodo Usuario{id=0, monto=0}
Intercambiando nodo Usuario{id=4, monto=0} con nodo Usuario{id=2, monto=0}
Actualizando monto de usuario 5 de 0 a 1
1
Actualizando vendedor 5 con nuevo monto 1
Llamando siftUp y siftDownUsuario{id=5, monto=1}
Intercambiando nodo Usuario{id=5, monto=1} con nodo Usuario{id=1, monto=0}
Intercambiando nodo Usuario{id=5, monto=1} con nodo Usuario{id=0, monto=0}
Después de la transacción:
Comprador: Usuario{id=4, monto=0}
Vendedor: Usuario{id=5, monto=1}
Intercambiando nodo Transaccion{id=4, comprador=4, vendedor=5, monto=1} con nodo Transaccion{id=1, comprador=1, vendedor=2, monto=1}
Intercambiando nodo Transaccion{id=4, comprador=4, vendedor=5, monto=1} con nodo Transaccion{id=3, comprador=3, vendedor=4, monto=1}
Transacciones agregadas al bloque:
Tx: comprador=0, vendedor=1, monto=1, id de transaccion= 0
Tx: comprador=1, vendedor=2, monto=1, id de transaccion= 1
Tx: comprador=2, vendedor=3, monto=1, id de transaccion= 2
Tx: comprador=3, vendedor=4, monto=1, id de transaccion= 3
Tx: comprador=4, vendedor=5, monto=1, id de transaccion= 4
]]></system-out>
  </testcase>
  <testcase name="empatesEnMaximoTenedor" classname="aed.BerretacoinTests" time="0.006">
    <system-out><![CDATA[Creando usuario 1
Creando usuario 2
Creando usuario 3
Creando usuario 4
Creando usuario 5
Creando usuario 6
Creando usuario 7
Creando usuario 8
Creando usuario 9
Creando usuario 10
Antes de la transacción:
Comprador: Usuario{id=0, monto=0}
Vendedor: Usuario{id=1, monto=0}
Actualizando monto de usuario 1 de 0 a 1
1
Actualizando vendedor 1 con nuevo monto 1
Llamando siftUp y siftDownUsuario{id=1, monto=1}
Intercambiando nodo Usuario{id=1, monto=1} con nodo Usuario{id=0, monto=0}
Después de la transacción:
Comprador: Usuario{id=0, monto=0}
Vendedor: Usuario{id=1, monto=1}
Antes de la transacción:
Comprador: Usuario{id=1, monto=1}
Vendedor: Usuario{id=2, monto=0}
Actualizando monto de usuario 1 de 1 a 0
0
Actualizando comprador 1 con nuevo monto 0
Llamando siftUp y siftDownUsuario{id=1, monto=0}
Intercambiando nodo Usuario{id=1, monto=0} con nodo Usuario{id=0, monto=0}
Actualizando monto de usuario 2 de 0 a 1
1
Actualizando vendedor 2 con nuevo monto 1
Llamando siftUp y siftDownUsuario{id=2, monto=1}
Intercambiando nodo Usuario{id=2, monto=1} con nodo Usuario{id=0, monto=0}
Después de la transacción:
Comprador: Usuario{id=1, monto=0}
Vendedor: Usuario{id=2, monto=1}
Intercambiando nodo Transaccion{id=1, comprador=1, vendedor=2, monto=1} con nodo Transaccion{id=0, comprador=0, vendedor=1, monto=1}
Transacciones agregadas al bloque:
Tx: comprador=0, vendedor=1, monto=1, id de transaccion= 0
Tx: comprador=1, vendedor=2, monto=1, id de transaccion= 1
Máximo del heap: Usuario{id=2, monto=1}
Antes de la transacción:
Comprador: Usuario{id=0, monto=0}
Vendedor: Usuario{id=3, monto=0}
Actualizando monto de usuario 3 de 0 a 1
1
Actualizando vendedor 3 con nuevo monto 1
Llamando siftUp y siftDownUsuario{id=3, monto=1}
Intercambiando nodo Usuario{id=3, monto=1} con nodo Usuario{id=1, monto=0}
Después de la transacción:
Comprador: Usuario{id=0, monto=0}
Vendedor: Usuario{id=3, monto=1}
Antes de la transacción:
Comprador: Usuario{id=2, monto=1}
Vendedor: Usuario{id=1, monto=0}
Actualizando monto de usuario 2 de 1 a 0
0
Actualizando comprador 2 con nuevo monto 0
Llamando siftUp y siftDownUsuario{id=2, monto=0}
Intercambiando nodo Usuario{id=2, monto=0} con nodo Usuario{id=3, monto=1}
Intercambiando nodo Usuario{id=2, monto=0} con nodo Usuario{id=1, monto=0}
Actualizando monto de usuario 1 de 0 a 1
1
Actualizando vendedor 1 con nuevo monto 1
Llamando siftUp y siftDownUsuario{id=1, monto=1}
Intercambiando nodo Usuario{id=1, monto=1} con nodo Usuario{id=3, monto=1}
Después de la transacción:
Comprador: Usuario{id=2, monto=0}
Vendedor: Usuario{id=1, monto=1}
Intercambiando nodo Transaccion{id=3, comprador=2, vendedor=1, monto=1} con nodo Transaccion{id=2, comprador=0, vendedor=3, monto=1}
Transacciones agregadas al bloque:
Tx: comprador=0, vendedor=3, monto=1, id de transaccion= 2
Tx: comprador=2, vendedor=1, monto=1, id de transaccion= 3
Máximo del heap: Usuario{id=1, monto=1}
]]></system-out>
  </testcase>
  <testcase name="agregarVariosBloques" classname="aed.BerretacoinTests" time="0.006">
    <system-out><![CDATA[Creando usuario 1
Creando usuario 2
Creando usuario 3
Creando usuario 4
Creando usuario 5
Creando usuario 6
Creando usuario 7
Creando usuario 8
Creando usuario 9
Creando usuario 10
Antes de la transacción:
Comprador: Usuario{id=0, monto=0}
Vendedor: Usuario{id=2, monto=0}
Actualizando monto de usuario 2 de 0 a 1
1
Actualizando vendedor 2 con nuevo monto 1
Llamando siftUp y siftDownUsuario{id=2, monto=1}
Intercambiando nodo Usuario{id=2, monto=1} con nodo Usuario{id=0, monto=0}
Después de la transacción:
Comprador: Usuario{id=0, monto=0}
Vendedor: Usuario{id=2, monto=1}
Antes de la transacción:
Comprador: Usuario{id=2, monto=1}
Vendedor: Usuario{id=3, monto=0}
Actualizando monto de usuario 2 de 1 a 0
0
Actualizando comprador 2 con nuevo monto 0
Llamando siftUp y siftDownUsuario{id=2, monto=0}
Intercambiando nodo Usuario{id=2, monto=0} con nodo Usuario{id=0, monto=0}
Actualizando monto de usuario 3 de 0 a 1
1
Actualizando vendedor 3 con nuevo monto 1
Llamando siftUp y siftDownUsuario{id=3, monto=1}
Intercambiando nodo Usuario{id=3, monto=1} con nodo Usuario{id=1, monto=0}
Intercambiando nodo Usuario{id=3, monto=1} con nodo Usuario{id=0, monto=0}
Después de la transacción:
Comprador: Usuario{id=2, monto=0}
Vendedor: Usuario{id=3, monto=1}
Intercambiando nodo Transaccion{id=1, comprador=2, vendedor=3, monto=1} con nodo Transaccion{id=0, comprador=0, vendedor=2, monto=1}
Antes de la transacción:
Comprador: Usuario{id=3, monto=1}
Vendedor: Usuario{id=4, monto=0}
Actualizando monto de usuario 3 de 1 a 0
0
Actualizando comprador 3 con nuevo monto 0
Llamando siftUp y siftDownUsuario{id=3, monto=0}
Intercambiando nodo Usuario{id=3, monto=0} con nodo Usuario{id=0, monto=0}
Intercambiando nodo Usuario{id=3, monto=0} con nodo Usuario{id=1, monto=0}
Actualizando monto de usuario 4 de 0 a 1
1
Actualizando vendedor 4 con nuevo monto 1
Llamando siftUp y siftDownUsuario{id=4, monto=1}
Intercambiando nodo Usuario{id=4, monto=1} con nodo Usuario{id=2, monto=0}
Intercambiando nodo Usuario{id=4, monto=1} con nodo Usuario{id=0, monto=0}
Después de la transacción:
Comprador: Usuario{id=3, monto=0}
Vendedor: Usuario{id=4, monto=1}
Intercambiando nodo Transaccion{id=2, comprador=3, vendedor=4, monto=1} con nodo Transaccion{id=1, comprador=2, vendedor=3, monto=1}
Transacciones agregadas al bloque:
Tx: comprador=0, vendedor=2, monto=1, id de transaccion= 0
Tx: comprador=2, vendedor=3, monto=1, id de transaccion= 1
Tx: comprador=3, vendedor=4, monto=1, id de transaccion= 2
Antes de la transacción:
Comprador: Usuario{id=0, monto=0}
Vendedor: Usuario{id=4, monto=1}
Actualizando monto de usuario 4 de 1 a 2
2
Actualizando vendedor 4 con nuevo monto 2
Llamando siftUp y siftDownUsuario{id=4, monto=2}
Después de la transacción:
Comprador: Usuario{id=0, monto=0}
Vendedor: Usuario{id=4, monto=2}
Antes de la transacción:
Comprador: Usuario{id=4, monto=2}
Vendedor: Usuario{id=1, monto=0}
Actualizando monto de usuario 4 de 2 a 0
0
Actualizando comprador 4 con nuevo monto 0
Llamando siftUp y siftDownUsuario{id=4, monto=0}
Intercambiando nodo Usuario{id=4, monto=0} con nodo Usuario{id=0, monto=0}
Intercambiando nodo Usuario{id=4, monto=0} con nodo Usuario{id=2, monto=0}
Actualizando monto de usuario 1 de 0 a 2
2
Actualizando vendedor 1 con nuevo monto 2
Llamando siftUp y siftDownUsuario{id=1, monto=2}
Intercambiando nodo Usuario{id=1, monto=2} con nodo Usuario{id=0, monto=0}
Después de la transacción:
Comprador: Usuario{id=4, monto=0}
Vendedor: Usuario{id=1, monto=2}
Intercambiando nodo Transaccion{id=1, comprador=4, vendedor=1, monto=2} con nodo Transaccion{id=0, comprador=0, vendedor=4, monto=1}
Antes de la transacción:
Comprador: Usuario{id=1, monto=2}
Vendedor: Usuario{id=2, monto=0}
Actualizando monto de usuario 1 de 2 a 1
1
Actualizando comprador 1 con nuevo monto 1
Llamando siftUp y siftDownUsuario{id=1, monto=1}
Actualizando monto de usuario 2 de 0 a 1
1
Actualizando vendedor 2 con nuevo monto 1
Llamando siftUp y siftDownUsuario{id=2, monto=1}
Después de la transacción:
Comprador: Usuario{id=1, monto=1}
Vendedor: Usuario{id=2, monto=1}
Transacciones agregadas al bloque:
Tx: comprador=0, vendedor=4, monto=1, id de transaccion= 0
Tx: comprador=4, vendedor=1, monto=2, id de transaccion= 1
Tx: comprador=1, vendedor=2, monto=1, id de transaccion= 2
Máximo del heap: Usuario{id=1, monto=1}
Antes de la transacción:
Comprador: Usuario{id=0, monto=0}
Vendedor: Usuario{id=1, monto=1}
Actualizando monto de usuario 1 de 1 a 2
2
Actualizando vendedor 1 con nuevo monto 2
Llamando siftUp y siftDownUsuario{id=1, monto=2}
Después de la transacción:
Comprador: Usuario{id=0, monto=0}
Vendedor: Usuario{id=1, monto=2}
Antes de la transacción:
Comprador: Usuario{id=1, monto=2}
Vendedor: Usuario{id=2, monto=1}
Actualizando monto de usuario 1 de 2 a 0
0
Actualizando comprador 1 con nuevo monto 0
Llamando siftUp y siftDownUsuario{id=1, monto=0}
Intercambiando nodo Usuario{id=1, monto=0} con nodo Usuario{id=2, monto=1}
Actualizando monto de usuario 2 de 1 a 3
3
Actualizando vendedor 2 con nuevo monto 3
Llamando siftUp y siftDownUsuario{id=2, monto=3}
Después de la transacción:
Comprador: Usuario{id=1, monto=0}
Vendedor: Usuario{id=2, monto=3}
Intercambiando nodo Transaccion{id=1, comprador=1, vendedor=2, monto=2} con nodo Transaccion{id=0, comprador=0, vendedor=1, monto=1}
Antes de la transacción:
Comprador: Usuario{id=2, monto=3}
Vendedor: Usuario{id=3, monto=0}
Actualizando monto de usuario 2 de 3 a 0
0
Actualizando comprador 2 con nuevo monto 0
Llamando siftUp y siftDownUsuario{id=2, monto=0}
Intercambiando nodo Usuario{id=2, monto=0} con nodo Usuario{id=0, monto=0}
Actualizando monto de usuario 3 de 0 a 3
3
Actualizando vendedor 3 con nuevo monto 3
Llamando siftUp y siftDownUsuario{id=3, monto=3}
Intercambiando nodo Usuario{id=3, monto=3} con nodo Usuario{id=2, monto=0}
Intercambiando nodo Usuario{id=3, monto=3} con nodo Usuario{id=0, monto=0}
Después de la transacción:
Comprador: Usuario{id=2, monto=0}
Vendedor: Usuario{id=3, monto=3}
Intercambiando nodo Transaccion{id=2, comprador=2, vendedor=3, monto=3} con nodo Transaccion{id=1, comprador=1, vendedor=2, monto=2}
Antes de la transacción:
Comprador: Usuario{id=3, monto=3}
Vendedor: Usuario{id=1, monto=0}
Actualizando monto de usuario 3 de 3 a 1
1
Actualizando comprador 3 con nuevo monto 1
Llamando siftUp y siftDownUsuario{id=3, monto=1}
Actualizando monto de usuario 1 de 0 a 2
2
Actualizando vendedor 1 con nuevo monto 2
Llamando siftUp y siftDownUsuario{id=1, monto=2}
Intercambiando nodo Usuario{id=1, monto=2} con nodo Usuario{id=3, monto=1}
Después de la transacción:
Comprador: Usuario{id=3, monto=1}
Vendedor: Usuario{id=1, monto=2}
Intercambiando nodo Transaccion{id=3, comprador=3, vendedor=1, monto=2} con nodo Transaccion{id=0, comprador=0, vendedor=1, monto=1}
Antes de la transacción:
Comprador: Usuario{id=1, monto=2}
Vendedor: Usuario{id=2, monto=0}
Actualizando monto de usuario 1 de 2 a 1
1
Actualizando comprador 1 con nuevo monto 1
Llamando siftUp y siftDownUsuario{id=1, monto=1}
Actualizando monto de usuario 2 de 0 a 1
1
Actualizando vendedor 2 con nuevo monto 1
Llamando siftUp y siftDownUsuario{id=2, monto=1}
Intercambiando nodo Usuario{id=2, monto=1} con nodo Usuario{id=0, monto=0}
Después de la transacción:
Comprador: Usuario{id=1, monto=1}
Vendedor: Usuario{id=2, monto=1}
Antes de la transacción:
Comprador: Usuario{id=2, monto=1}
Vendedor: Usuario{id=3, monto=1}
Actualizando monto de usuario 2 de 1 a 0
0
Actualizando comprador 2 con nuevo monto 0
Llamando siftUp y siftDownUsuario{id=2, monto=0}
Intercambiando nodo Usuario{id=2, monto=0} con nodo Usuario{id=0, monto=0}
Actualizando monto de usuario 3 de 1 a 2
2
Actualizando vendedor 3 con nuevo monto 2
Llamando siftUp y siftDownUsuario{id=3, monto=2}
Intercambiando nodo Usuario{id=3, monto=2} con nodo Usuario{id=1, monto=1}
Después de la transacción:
Comprador: Usuario{id=2, monto=0}
Vendedor: Usuario{id=3, monto=2}
Transacciones agregadas al bloque:
Tx: comprador=0, vendedor=1, monto=1, id de transaccion= 0
Tx: comprador=1, vendedor=2, monto=2, id de transaccion= 1
Tx: comprador=2, vendedor=3, monto=3, id de transaccion= 2
Tx: comprador=3, vendedor=1, monto=2, id de transaccion= 3
Tx: comprador=1, vendedor=2, monto=1, id de transaccion= 4
Tx: comprador=2, vendedor=3, monto=1, id de transaccion= 5
Máximo del heap: Usuario{id=3, monto=2}
]]></system-out>
  </testcase>
  <testcase name="multiplesBloquesPequenos" classname="aed.BerretacoinTests" time="0.011">
    <system-out><![CDATA[Creando usuario 1
Creando usuario 2
Creando usuario 3
Creando usuario 4
Creando usuario 5
Creando usuario 6
Creando usuario 7
Creando usuario 8
Creando usuario 9
Creando usuario 10
Antes de la transacción:
Comprador: Usuario{id=0, monto=0}
Vendedor: Usuario{id=1, monto=0}
Actualizando monto de usuario 1 de 0 a 1
1
Actualizando vendedor 1 con nuevo monto 1
Llamando siftUp y siftDownUsuario{id=1, monto=1}
Intercambiando nodo Usuario{id=1, monto=1} con nodo Usuario{id=0, monto=0}
Después de la transacción:
Comprador: Usuario{id=0, monto=0}
Vendedor: Usuario{id=1, monto=1}
Antes de la transacción:
Comprador: Usuario{id=1, monto=1}
Vendedor: Usuario{id=2, monto=0}
Actualizando monto de usuario 1 de 1 a 0
0
Actualizando comprador 1 con nuevo monto 0
Llamando siftUp y siftDownUsuario{id=1, monto=0}
Intercambiando nodo Usuario{id=1, monto=0} con nodo Usuario{id=0, monto=0}
Actualizando monto de usuario 2 de 0 a 1
1
Actualizando vendedor 2 con nuevo monto 1
Llamando siftUp y siftDownUsuario{id=2, monto=1}
Intercambiando nodo Usuario{id=2, monto=1} con nodo Usuario{id=0, monto=0}
Después de la transacción:
Comprador: Usuario{id=1, monto=0}
Vendedor: Usuario{id=2, monto=1}
Intercambiando nodo Transaccion{id=1, comprador=1, vendedor=2, monto=1} con nodo Transaccion{id=0, comprador=0, vendedor=1, monto=1}
Transacciones agregadas al bloque:
Tx: comprador=0, vendedor=1, monto=1, id de transaccion= 0
Tx: comprador=1, vendedor=2, monto=1, id de transaccion= 1
Máximo del heap: Usuario{id=2, monto=1}
Antes de la transacción:
Comprador: Usuario{id=0, monto=0}
Vendedor: Usuario{id=2, monto=1}
Actualizando monto de usuario 2 de 1 a 2
2
Actualizando vendedor 2 con nuevo monto 2
Llamando siftUp y siftDownUsuario{id=2, monto=2}
Después de la transacción:
Comprador: Usuario{id=0, monto=0}
Vendedor: Usuario{id=2, monto=2}
Antes de la transacción:
Comprador: Usuario{id=2, monto=2}
Vendedor: Usuario{id=3, monto=0}
Actualizando monto de usuario 2 de 2 a 1
1
Actualizando comprador 2 con nuevo monto 1
Llamando siftUp y siftDownUsuario{id=2, monto=1}
Actualizando monto de usuario 3 de 0 a 1
1
Actualizando vendedor 3 con nuevo monto 1
Llamando siftUp y siftDownUsuario{id=3, monto=1}
Intercambiando nodo Usuario{id=3, monto=1} con nodo Usuario{id=1, monto=0}
Después de la transacción:
Comprador: Usuario{id=2, monto=1}
Vendedor: Usuario{id=3, monto=1}
Intercambiando nodo Transaccion{id=1, comprador=2, vendedor=3, monto=1} con nodo Transaccion{id=0, comprador=0, vendedor=2, monto=1}
Transacciones agregadas al bloque:
Tx: comprador=0, vendedor=2, monto=1, id de transaccion= 0
Tx: comprador=2, vendedor=3, monto=1, id de transaccion= 1
Máximo del heap: Usuario{id=2, monto=1}
Antes de la transacción:
Comprador: Usuario{id=0, monto=0}
Vendedor: Usuario{id=3, monto=1}
Actualizando monto de usuario 3 de 1 a 2
2
Actualizando vendedor 3 con nuevo monto 2
Llamando siftUp y siftDownUsuario{id=3, monto=2}
Intercambiando nodo Usuario{id=3, monto=2} con nodo Usuario{id=2, monto=1}
Después de la transacción:
Comprador: Usuario{id=0, monto=0}
Vendedor: Usuario{id=3, monto=2}
Antes de la transacción:
Comprador: Usuario{id=3, monto=2}
Vendedor: Usuario{id=4, monto=0}
Actualizando monto de usuario 3 de 2 a 1
1
Actualizando comprador 3 con nuevo monto 1
Llamando siftUp y siftDownUsuario{id=3, monto=1}
Intercambiando nodo Usuario{id=3, monto=1} con nodo Usuario{id=2, monto=1}
Actualizando monto de usuario 4 de 0 a 1
1
Actualizando vendedor 4 con nuevo monto 1
Llamando siftUp y siftDownUsuario{id=4, monto=1}
Intercambiando nodo Usuario{id=4, monto=1} con nodo Usuario{id=0, monto=0}
Después de la transacción:
Comprador: Usuario{id=3, monto=1}
Vendedor: Usuario{id=4, monto=1}
Intercambiando nodo Transaccion{id=1, comprador=3, vendedor=4, monto=1} con nodo Transaccion{id=0, comprador=0, vendedor=3, monto=1}
Transacciones agregadas al bloque:
Tx: comprador=0, vendedor=3, monto=1, id de transaccion= 0
Tx: comprador=3, vendedor=4, monto=1, id de transaccion= 1
Máximo del heap: Usuario{id=2, monto=1}
Antes de la transacción:
Comprador: Usuario{id=0, monto=0}
Vendedor: Usuario{id=4, monto=1}
Actualizando monto de usuario 4 de 1 a 2
2
Actualizando vendedor 4 con nuevo monto 2
Llamando siftUp y siftDownUsuario{id=4, monto=2}
Intercambiando nodo Usuario{id=4, monto=2} con nodo Usuario{id=2, monto=1}
Después de la transacción:
Comprador: Usuario{id=0, monto=0}
Vendedor: Usuario{id=4, monto=2}
Antes de la transacción:
Comprador: Usuario{id=4, monto=2}
Vendedor: Usuario{id=5, monto=0}
Actualizando monto de usuario 4 de 2 a 1
1
Actualizando comprador 4 con nuevo monto 1
Llamando siftUp y siftDownUsuario{id=4, monto=1}
Intercambiando nodo Usuario{id=4, monto=1} con nodo Usuario{id=2, monto=1}
Actualizando monto de usuario 5 de 0 a 1
1
Actualizando vendedor 5 con nuevo monto 1
Llamando siftUp y siftDownUsuario{id=5, monto=1}
Después de la transacción:
Comprador: Usuario{id=4, monto=1}
Vendedor: Usuario{id=5, monto=1}
Intercambiando nodo Transaccion{id=1, comprador=4, vendedor=5, monto=1} con nodo Transaccion{id=0, comprador=0, vendedor=4, monto=1}
Transacciones agregadas al bloque:
Tx: comprador=0, vendedor=4, monto=1, id de transaccion= 0
Tx: comprador=4, vendedor=5, monto=1, id de transaccion= 1
Máximo del heap: Usuario{id=2, monto=1}
Antes de la transacción:
Comprador: Usuario{id=0, monto=0}
Vendedor: Usuario{id=5, monto=1}
Actualizando monto de usuario 5 de 1 a 2
2
Actualizando vendedor 5 con nuevo monto 2
Llamando siftUp y siftDownUsuario{id=5, monto=2}
Intercambiando nodo Usuario{id=5, monto=2} con nodo Usuario{id=3, monto=1}
Intercambiando nodo Usuario{id=5, monto=2} con nodo Usuario{id=2, monto=1}
Después de la transacción:
Comprador: Usuario{id=0, monto=0}
Vendedor: Usuario{id=5, monto=2}
Antes de la transacción:
Comprador: Usuario{id=5, monto=2}
Vendedor: Usuario{id=6, monto=0}
Actualizando monto de usuario 5 de 2 a 1
1
Actualizando comprador 5 con nuevo monto 1
Llamando siftUp y siftDownUsuario{id=5, monto=1}
Intercambiando nodo Usuario{id=5, monto=1} con nodo Usuario{id=2, monto=1}
Intercambiando nodo Usuario{id=5, monto=1} con nodo Usuario{id=3, monto=1}
Actualizando monto de usuario 6 de 0 a 1
1
Actualizando vendedor 6 con nuevo monto 1
Llamando siftUp y siftDownUsuario{id=6, monto=1}
Después de la transacción:
Comprador: Usuario{id=5, monto=1}
Vendedor: Usuario{id=6, monto=1}
Intercambiando nodo Transaccion{id=1, comprador=5, vendedor=6, monto=1} con nodo Transaccion{id=0, comprador=0, vendedor=5, monto=1}
Transacciones agregadas al bloque:
Tx: comprador=0, vendedor=5, monto=1, id de transaccion= 0
Tx: comprador=5, vendedor=6, monto=1, id de transaccion= 1
Máximo del heap: Usuario{id=2, monto=1}
Antes de la transacción:
Comprador: Usuario{id=0, monto=0}
Vendedor: Usuario{id=6, monto=1}
Actualizando monto de usuario 6 de 1 a 2
2
Actualizando vendedor 6 con nuevo monto 2
Llamando siftUp y siftDownUsuario{id=6, monto=2}
Intercambiando nodo Usuario{id=6, monto=2} con nodo Usuario{id=4, monto=1}
Intercambiando nodo Usuario{id=6, monto=2} con nodo Usuario{id=2, monto=1}
Después de la transacción:
Comprador: Usuario{id=0, monto=0}
Vendedor: Usuario{id=6, monto=2}
Antes de la transacción:
Comprador: Usuario{id=6, monto=2}
Vendedor: Usuario{id=7, monto=0}
Actualizando monto de usuario 6 de 2 a 1
1
Actualizando comprador 6 con nuevo monto 1
Llamando siftUp y siftDownUsuario{id=6, monto=1}
Intercambiando nodo Usuario{id=6, monto=1} con nodo Usuario{id=2, monto=1}
Intercambiando nodo Usuario{id=6, monto=1} con nodo Usuario{id=4, monto=1}
Actualizando monto de usuario 7 de 0 a 1
1
Actualizando vendedor 7 con nuevo monto 1
Llamando siftUp y siftDownUsuario{id=7, monto=1}
Intercambiando nodo Usuario{id=7, monto=1} con nodo Usuario{id=1, monto=0}
Después de la transacción:
Comprador: Usuario{id=6, monto=1}
Vendedor: Usuario{id=7, monto=1}
Intercambiando nodo Transaccion{id=1, comprador=6, vendedor=7, monto=1} con nodo Transaccion{id=0, comprador=0, vendedor=6, monto=1}
Transacciones agregadas al bloque:
Tx: comprador=0, vendedor=6, monto=1, id de transaccion= 0
Tx: comprador=6, vendedor=7, monto=1, id de transaccion= 1
Máximo del heap: Usuario{id=2, monto=1}
Antes de la transacción:
Comprador: Usuario{id=0, monto=0}
Vendedor: Usuario{id=7, monto=1}
Actualizando monto de usuario 7 de 1 a 2
2
Actualizando vendedor 7 con nuevo monto 2
Llamando siftUp y siftDownUsuario{id=7, monto=2}
Intercambiando nodo Usuario{id=7, monto=2} con nodo Usuario{id=3, monto=1}
Intercambiando nodo Usuario{id=7, monto=2} con nodo Usuario{id=2, monto=1}
Después de la transacción:
Comprador: Usuario{id=0, monto=0}
Vendedor: Usuario{id=7, monto=2}
Antes de la transacción:
Comprador: Usuario{id=7, monto=2}
Vendedor: Usuario{id=8, monto=0}
Actualizando monto de usuario 7 de 2 a 1
1
Actualizando comprador 7 con nuevo monto 1
Llamando siftUp y siftDownUsuario{id=7, monto=1}
Intercambiando nodo Usuario{id=7, monto=1} con nodo Usuario{id=2, monto=1}
Intercambiando nodo Usuario{id=7, monto=1} con nodo Usuario{id=3, monto=1}
Actualizando monto de usuario 8 de 0 a 1
1
Actualizando vendedor 8 con nuevo monto 1
Llamando siftUp y siftDownUsuario{id=8, monto=1}
Intercambiando nodo Usuario{id=8, monto=1} con nodo Usuario{id=0, monto=0}
Después de la transacción:
Comprador: Usuario{id=7, monto=1}
Vendedor: Usuario{id=8, monto=1}
Intercambiando nodo Transaccion{id=1, comprador=7, vendedor=8, monto=1} con nodo Transaccion{id=0, comprador=0, vendedor=7, monto=1}
Transacciones agregadas al bloque:
Tx: comprador=0, vendedor=7, monto=1, id de transaccion= 0
Tx: comprador=7, vendedor=8, monto=1, id de transaccion= 1
Máximo del heap: Usuario{id=2, monto=1}
Antes de la transacción:
Comprador: Usuario{id=0, monto=0}
Vendedor: Usuario{id=8, monto=1}
Actualizando monto de usuario 8 de 1 a 2
2
Actualizando vendedor 8 con nuevo monto 2
Llamando siftUp y siftDownUsuario{id=8, monto=2}
Intercambiando nodo Usuario{id=8, monto=2} con nodo Usuario{id=4, monto=1}
Intercambiando nodo Usuario{id=8, monto=2} con nodo Usuario{id=2, monto=1}
Después de la transacción:
Comprador: Usuario{id=0, monto=0}
Vendedor: Usuario{id=8, monto=2}
Antes de la transacción:
Comprador: Usuario{id=8, monto=2}
Vendedor: Usuario{id=9, monto=0}
Actualizando monto de usuario 8 de 2 a 1
1
Actualizando comprador 8 con nuevo monto 1
Llamando siftUp y siftDownUsuario{id=8, monto=1}
Intercambiando nodo Usuario{id=8, monto=1} con nodo Usuario{id=2, monto=1}
Intercambiando nodo Usuario{id=8, monto=1} con nodo Usuario{id=4, monto=1}
Actualizando monto de usuario 9 de 0 a 1
1
Actualizando vendedor 9 con nuevo monto 1
Llamando siftUp y siftDownUsuario{id=9, monto=1}
Después de la transacción:
Comprador: Usuario{id=8, monto=1}
Vendedor: Usuario{id=9, monto=1}
Intercambiando nodo Transaccion{id=1, comprador=8, vendedor=9, monto=1} con nodo Transaccion{id=0, comprador=0, vendedor=8, monto=1}
Transacciones agregadas al bloque:
Tx: comprador=0, vendedor=8, monto=1, id de transaccion= 0
Tx: comprador=8, vendedor=9, monto=1, id de transaccion= 1
Máximo del heap: Usuario{id=2, monto=1}
Antes de la transacción:
Comprador: Usuario{id=0, monto=0}
Vendedor: Usuario{id=9, monto=1}
Actualizando monto de usuario 9 de 1 a 2
2
Actualizando vendedor 9 con nuevo monto 2
Llamando siftUp y siftDownUsuario{id=9, monto=2}
Intercambiando nodo Usuario{id=9, monto=2} con nodo Usuario{id=5, monto=1}
Intercambiando nodo Usuario{id=9, monto=2} con nodo Usuario{id=3, monto=1}
Intercambiando nodo Usuario{id=9, monto=2} con nodo Usuario{id=2, monto=1}
Después de la transacción:
Comprador: Usuario{id=0, monto=0}
Vendedor: Usuario{id=9, monto=2}
Antes de la transacción:
Comprador: Usuario{id=9, monto=2}
Vendedor: Usuario{id=1, monto=0}
Actualizando monto de usuario 9 de 2 a 1
1
Actualizando comprador 9 con nuevo monto 1
Llamando siftUp y siftDownUsuario{id=9, monto=1}
Intercambiando nodo Usuario{id=9, monto=1} con nodo Usuario{id=2, monto=1}
Intercambiando nodo Usuario{id=9, monto=1} con nodo Usuario{id=3, monto=1}
Intercambiando nodo Usuario{id=9, monto=1} con nodo Usuario{id=5, monto=1}
Actualizando monto de usuario 1 de 0 a 1
1
Actualizando vendedor 1 con nuevo monto 1
Llamando siftUp y siftDownUsuario{id=1, monto=1}
Intercambiando nodo Usuario{id=1, monto=1} con nodo Usuario{id=7, monto=1}
Intercambiando nodo Usuario{id=1, monto=1} con nodo Usuario{id=3, monto=1}
Intercambiando nodo Usuario{id=1, monto=1} con nodo Usuario{id=2, monto=1}
Después de la transacción:
Comprador: Usuario{id=9, monto=1}
Vendedor: Usuario{id=1, monto=1}
Intercambiando nodo Transaccion{id=1, comprador=9, vendedor=1, monto=1} con nodo Transaccion{id=0, comprador=0, vendedor=9, monto=1}
Transacciones agregadas al bloque:
Tx: comprador=0, vendedor=9, monto=1, id de transaccion= 0
Tx: comprador=9, vendedor=1, monto=1, id de transaccion= 1
Máximo del heap: Usuario{id=1, monto=1}
Antes de la transacción:
Comprador: Usuario{id=0, monto=0}
Vendedor: Usuario{id=1, monto=1}
Actualizando monto de usuario 1 de 1 a 2
2
Actualizando vendedor 1 con nuevo monto 2
Llamando siftUp y siftDownUsuario{id=1, monto=2}
Después de la transacción:
Comprador: Usuario{id=0, monto=0}
Vendedor: Usuario{id=1, monto=2}
Antes de la transacción:
Comprador: Usuario{id=1, monto=2}
Vendedor: Usuario{id=2, monto=1}
Actualizando monto de usuario 1 de 2 a 1
1
Actualizando comprador 1 con nuevo monto 1
Llamando siftUp y siftDownUsuario{id=1, monto=1}
Actualizando monto de usuario 2 de 1 a 2
2
Actualizando vendedor 2 con nuevo monto 2
Llamando siftUp y siftDownUsuario{id=2, monto=2}
Intercambiando nodo Usuario{id=2, monto=2} con nodo Usuario{id=1, monto=1}
Después de la transacción:
Comprador: Usuario{id=1, monto=1}
Vendedor: Usuario{id=2, monto=2}
Intercambiando nodo Transaccion{id=1, comprador=1, vendedor=2, monto=1} con nodo Transaccion{id=0, comprador=0, vendedor=1, monto=1}
Transacciones agregadas al bloque:
Tx: comprador=0, vendedor=1, monto=1, id de transaccion= 0
Tx: comprador=1, vendedor=2, monto=1, id de transaccion= 1
Máximo del heap: Usuario{id=2, monto=2}
]]></system-out>
  </testcase>
  <testcase name="hackearVariasVeces" classname="aed.BerretacoinTests" time="0.005">
    <failure message="expected: &lt;3&gt; but was: &lt;2&gt;" type="org.opentest4j.AssertionFailedError"><![CDATA[org.opentest4j.AssertionFailedError: expected: <3> but was: <2>
	at org.junit.jupiter.api.AssertionFailureBuilder.build(AssertionFailureBuilder.java:151)
	at org.junit.jupiter.api.AssertionFailureBuilder.buildAndThrow(AssertionFailureBuilder.java:132)
	at org.junit.jupiter.api.AssertEquals.failNotEqual(AssertEquals.java:197)
	at org.junit.jupiter.api.AssertEquals.assertEquals(AssertEquals.java:150)
	at org.junit.jupiter.api.AssertEquals.assertEquals(AssertEquals.java:145)
	at org.junit.jupiter.api.Assertions.assertEquals(Assertions.java:528)
	at aed.BerretacoinTests.hackearVariasVeces(BerretacoinTests.java:350)
	at java.base/jdk.internal.reflect.DirectMethodHandleAccessor.invoke(DirectMethodHandleAccessor.java:103)
	at java.base/java.lang.reflect.Method.invoke(Method.java:580)
	at org.junit.platform.commons.util.ReflectionUtils.invokeMethod(ReflectionUtils.java:727)
	at org.junit.jupiter.engine.execution.MethodInvocation.proceed(MethodInvocation.java:60)
	at org.junit.jupiter.engine.execution.InvocationInterceptorChain$ValidatingInvocation.proceed(InvocationInterceptorChain.java:131)
	at org.junit.jupiter.engine.extension.TimeoutExtension.intercept(TimeoutExtension.java:156)
	at org.junit.jupiter.engine.extension.TimeoutExtension.interceptTestableMethod(TimeoutExtension.java:147)
	at org.junit.jupiter.engine.extension.TimeoutExtension.interceptTestMethod(TimeoutExtension.java:86)
	at org.junit.jupiter.engine.execution.InterceptingExecutableInvoker$ReflectiveInterceptorCall.lambda$ofVoidMethod$0(InterceptingExecutableInvoker.java:103)
	at org.junit.jupiter.engine.execution.InterceptingExecutableInvoker.lambda$invoke$0(InterceptingExecutableInvoker.java:93)
	at org.junit.jupiter.engine.execution.InvocationInterceptorChain$InterceptedInvocation.proceed(InvocationInterceptorChain.java:106)
	at org.junit.jupiter.engine.execution.InvocationInterceptorChain.proceed(InvocationInterceptorChain.java:64)
	at org.junit.jupiter.engine.execution.InvocationInterceptorChain.chainAndInvoke(InvocationInterceptorChain.java:45)
	at org.junit.jupiter.engine.execution.InvocationInterceptorChain.invoke(InvocationInterceptorChain.java:37)
	at org.junit.jupiter.engine.execution.InterceptingExecutableInvoker.invoke(InterceptingExecutableInvoker.java:92)
	at org.junit.jupiter.engine.execution.InterceptingExecutableInvoker.invoke(InterceptingExecutableInvoker.java:86)
	at org.junit.jupiter.engine.descriptor.TestMethodTestDescriptor.lambda$invokeTestMethod$7(TestMethodTestDescriptor.java:217)
	at org.junit.platform.engine.support.hierarchical.ThrowableCollector.execute(ThrowableCollector.java:73)
	at org.junit.jupiter.engine.descriptor.TestMethodTestDescriptor.invokeTestMethod(TestMethodTestDescriptor.java:213)
	at org.junit.jupiter.engine.descriptor.TestMethodTestDescriptor.execute(TestMethodTestDescriptor.java:138)
	at org.junit.jupiter.engine.descriptor.TestMethodTestDescriptor.execute(TestMethodTestDescriptor.java:68)
	at org.junit.platform.engine.support.hierarchical.NodeTestTask.lambda$executeRecursively$6(NodeTestTask.java:151)
	at org.junit.platform.engine.support.hierarchical.ThrowableCollector.execute(ThrowableCollector.java:73)
	at org.junit.platform.engine.support.hierarchical.NodeTestTask.lambda$executeRecursively$8(NodeTestTask.java:141)
	at org.junit.platform.engine.support.hierarchical.Node.around(Node.java:137)
	at org.junit.platform.engine.support.hierarchical.NodeTestTask.lambda$executeRecursively$9(NodeTestTask.java:139)
	at org.junit.platform.engine.support.hierarchical.ThrowableCollector.execute(ThrowableCollector.java:73)
	at org.junit.platform.engine.support.hierarchical.NodeTestTask.executeRecursively(NodeTestTask.java:138)
	at org.junit.platform.engine.support.hierarchical.NodeTestTask.execute(NodeTestTask.java:95)
	at java.base/java.util.ArrayList.forEach(ArrayList.java:1597)
	at org.junit.platform.engine.support.hierarchical.SameThreadHierarchicalTestExecutorService.invokeAll(SameThreadHierarchicalTestExecutorService.java:41)
	at org.junit.platform.engine.support.hierarchical.NodeTestTask.lambda$executeRecursively$6(NodeTestTask.java:155)
	at org.junit.platform.engine.support.hierarchical.ThrowableCollector.execute(ThrowableCollector.java:73)
	at org.junit.platform.engine.support.hierarchical.NodeTestTask.lambda$executeRecursively$8(NodeTestTask.java:141)
	at org.junit.platform.engine.support.hierarchical.Node.around(Node.java:137)
	at org.junit.platform.engine.support.hierarchical.NodeTestTask.lambda$executeRecursively$9(NodeTestTask.java:139)
	at org.junit.platform.engine.support.hierarchical.ThrowableCollector.execute(ThrowableCollector.java:73)
	at org.junit.platform.engine.support.hierarchical.NodeTestTask.executeRecursively(NodeTestTask.java:138)
	at org.junit.platform.engine.support.hierarchical.NodeTestTask.execute(NodeTestTask.java:95)
	at java.base/java.util.ArrayList.forEach(ArrayList.java:1597)
	at org.junit.platform.engine.support.hierarchical.SameThreadHierarchicalTestExecutorService.invokeAll(SameThreadHierarchicalTestExecutorService.java:41)
	at org.junit.platform.engine.support.hierarchical.NodeTestTask.lambda$executeRecursively$6(NodeTestTask.java:155)
	at org.junit.platform.engine.support.hierarchical.ThrowableCollector.execute(ThrowableCollector.java:73)
	at org.junit.platform.engine.support.hierarchical.NodeTestTask.lambda$executeRecursively$8(NodeTestTask.java:141)
	at org.junit.platform.engine.support.hierarchical.Node.around(Node.java:137)
	at org.junit.platform.engine.support.hierarchical.NodeTestTask.lambda$executeRecursively$9(NodeTestTask.java:139)
	at org.junit.platform.engine.support.hierarchical.ThrowableCollector.execute(ThrowableCollector.java:73)
	at org.junit.platform.engine.support.hierarchical.NodeTestTask.executeRecursively(NodeTestTask.java:138)
	at org.junit.platform.engine.support.hierarchical.NodeTestTask.execute(NodeTestTask.java:95)
	at org.junit.platform.engine.support.hierarchical.SameThreadHierarchicalTestExecutorService.submit(SameThreadHierarchicalTestExecutorService.java:35)
	at org.junit.platform.engine.support.hierarchical.HierarchicalTestExecutor.execute(HierarchicalTestExecutor.java:57)
	at org.junit.platform.engine.support.hierarchical.HierarchicalTestEngine.execute(HierarchicalTestEngine.java:54)
	at org.junit.platform.launcher.core.EngineExecutionOrchestrator.execute(EngineExecutionOrchestrator.java:147)
	at org.junit.platform.launcher.core.EngineExecutionOrchestrator.execute(EngineExecutionOrchestrator.java:127)
	at org.junit.platform.launcher.core.EngineExecutionOrchestrator.execute(EngineExecutionOrchestrator.java:90)
	at org.junit.platform.launcher.core.EngineExecutionOrchestrator.lambda$execute$0(EngineExecutionOrchestrator.java:55)
	at org.junit.platform.launcher.core.EngineExecutionOrchestrator.withInterceptedStreams(EngineExecutionOrchestrator.java:102)
	at org.junit.platform.launcher.core.EngineExecutionOrchestrator.execute(EngineExecutionOrchestrator.java:54)
	at org.junit.platform.launcher.core.DefaultLauncher.execute(DefaultLauncher.java:114)
	at org.junit.platform.launcher.core.DefaultLauncher.execute(DefaultLauncher.java:86)
	at org.junit.platform.launcher.core.DefaultLauncherSession$DelegatingLauncher.execute(DefaultLauncherSession.java:86)
	at org.apache.maven.surefire.junitplatform.LazyLauncher.execute(LazyLauncher.java:50)
	at org.apache.maven.surefire.junitplatform.JUnitPlatformProvider.execute(JUnitPlatformProvider.java:184)
	at org.apache.maven.surefire.junitplatform.JUnitPlatformProvider.invokeAllTests(JUnitPlatformProvider.java:148)
	at org.apache.maven.surefire.junitplatform.JUnitPlatformProvider.invoke(JUnitPlatformProvider.java:122)
	at org.apache.maven.surefire.booter.ForkedBooter.runSuitesInProcess(ForkedBooter.java:385)
	at org.apache.maven.surefire.booter.ForkedBooter.execute(ForkedBooter.java:162)
	at org.apache.maven.surefire.booter.ForkedBooter.run(ForkedBooter.java:507)
	at org.apache.maven.surefire.booter.ForkedBooter.main(ForkedBooter.java:495)
]]></failure>
    <system-out><![CDATA[Creando usuario 1
Creando usuario 2
Creando usuario 3
Creando usuario 4
Creando usuario 5
Creando usuario 6
Creando usuario 7
Creando usuario 8
Creando usuario 9
Creando usuario 10
Antes de la transacción:
Comprador: Usuario{id=0, monto=0}
Vendedor: Usuario{id=2, monto=0}
Actualizando monto de usuario 2 de 0 a 1
1
Actualizando vendedor 2 con nuevo monto 1
Llamando siftUp y siftDownUsuario{id=2, monto=1}
Intercambiando nodo Usuario{id=2, monto=1} con nodo Usuario{id=0, monto=0}
Después de la transacción:
Comprador: Usuario{id=0, monto=0}
Vendedor: Usuario{id=2, monto=1}
Antes de la transacción:
Comprador: Usuario{id=2, monto=1}
Vendedor: Usuario{id=3, monto=0}
Actualizando monto de usuario 2 de 1 a 0
0
Actualizando comprador 2 con nuevo monto 0
Llamando siftUp y siftDownUsuario{id=2, monto=0}
Intercambiando nodo Usuario{id=2, monto=0} con nodo Usuario{id=0, monto=0}
Actualizando monto de usuario 3 de 0 a 1
1
Actualizando vendedor 3 con nuevo monto 1
Llamando siftUp y siftDownUsuario{id=3, monto=1}
Intercambiando nodo Usuario{id=3, monto=1} con nodo Usuario{id=1, monto=0}
Intercambiando nodo Usuario{id=3, monto=1} con nodo Usuario{id=0, monto=0}
Después de la transacción:
Comprador: Usuario{id=2, monto=0}
Vendedor: Usuario{id=3, monto=1}
Intercambiando nodo Transaccion{id=1, comprador=2, vendedor=3, monto=1} con nodo Transaccion{id=0, comprador=0, vendedor=2, monto=1}
Antes de la transacción:
Comprador: Usuario{id=3, monto=1}
Vendedor: Usuario{id=4, monto=0}
Actualizando monto de usuario 3 de 1 a 0
0
Actualizando comprador 3 con nuevo monto 0
Llamando siftUp y siftDownUsuario{id=3, monto=0}
Intercambiando nodo Usuario{id=3, monto=0} con nodo Usuario{id=0, monto=0}
Intercambiando nodo Usuario{id=3, monto=0} con nodo Usuario{id=1, monto=0}
Actualizando monto de usuario 4 de 0 a 1
1
Actualizando vendedor 4 con nuevo monto 1
Llamando siftUp y siftDownUsuario{id=4, monto=1}
Intercambiando nodo Usuario{id=4, monto=1} con nodo Usuario{id=2, monto=0}
Intercambiando nodo Usuario{id=4, monto=1} con nodo Usuario{id=0, monto=0}
Después de la transacción:
Comprador: Usuario{id=3, monto=0}
Vendedor: Usuario{id=4, monto=1}
Intercambiando nodo Transaccion{id=2, comprador=3, vendedor=4, monto=1} con nodo Transaccion{id=1, comprador=2, vendedor=3, monto=1}
Transacciones agregadas al bloque:
Tx: comprador=0, vendedor=2, monto=1, id de transaccion= 0
Tx: comprador=2, vendedor=3, monto=1, id de transaccion= 1
Tx: comprador=3, vendedor=4, monto=1, id de transaccion= 2
Antes de la transacción:
Comprador: Usuario{id=0, monto=0}
Vendedor: Usuario{id=4, monto=1}
Actualizando monto de usuario 4 de 1 a 2
2
Actualizando vendedor 4 con nuevo monto 2
Llamando siftUp y siftDownUsuario{id=4, monto=2}
Después de la transacción:
Comprador: Usuario{id=0, monto=0}
Vendedor: Usuario{id=4, monto=2}
Antes de la transacción:
Comprador: Usuario{id=4, monto=2}
Vendedor: Usuario{id=1, monto=0}
Actualizando monto de usuario 4 de 2 a 0
0
Actualizando comprador 4 con nuevo monto 0
Llamando siftUp y siftDownUsuario{id=4, monto=0}
Intercambiando nodo Usuario{id=4, monto=0} con nodo Usuario{id=0, monto=0}
Intercambiando nodo Usuario{id=4, monto=0} con nodo Usuario{id=2, monto=0}
Actualizando monto de usuario 1 de 0 a 2
2
Actualizando vendedor 1 con nuevo monto 2
Llamando siftUp y siftDownUsuario{id=1, monto=2}
Intercambiando nodo Usuario{id=1, monto=2} con nodo Usuario{id=0, monto=0}
Después de la transacción:
Comprador: Usuario{id=4, monto=0}
Vendedor: Usuario{id=1, monto=2}
Intercambiando nodo Transaccion{id=1, comprador=4, vendedor=1, monto=2} con nodo Transaccion{id=0, comprador=0, vendedor=4, monto=1}
Antes de la transacción:
Comprador: Usuario{id=1, monto=2}
Vendedor: Usuario{id=2, monto=0}
Actualizando monto de usuario 1 de 2 a 1
1
Actualizando comprador 1 con nuevo monto 1
Llamando siftUp y siftDownUsuario{id=1, monto=1}
Actualizando monto de usuario 2 de 0 a 1
1
Actualizando vendedor 2 con nuevo monto 1
Llamando siftUp y siftDownUsuario{id=2, monto=1}
Después de la transacción:
Comprador: Usuario{id=1, monto=1}
Vendedor: Usuario{id=2, monto=1}
Transacciones agregadas al bloque:
Tx: comprador=0, vendedor=4, monto=1, id de transaccion= 0
Tx: comprador=4, vendedor=1, monto=2, id de transaccion= 1
Tx: comprador=1, vendedor=2, monto=1, id de transaccion= 2
Antes de la transacción:
Comprador: Usuario{id=0, monto=0}
Vendedor: Usuario{id=1, monto=1}
Actualizando monto de usuario 1 de 1 a 2
2
Actualizando vendedor 1 con nuevo monto 2
Llamando siftUp y siftDownUsuario{id=1, monto=2}
Después de la transacción:
Comprador: Usuario{id=0, monto=0}
Vendedor: Usuario{id=1, monto=2}
Antes de la transacción:
Comprador: Usuario{id=1, monto=2}
Vendedor: Usuario{id=2, monto=1}
Actualizando monto de usuario 1 de 2 a 0
0
Actualizando comprador 1 con nuevo monto 0
Llamando siftUp y siftDownUsuario{id=1, monto=0}
Intercambiando nodo Usuario{id=1, monto=0} con nodo Usuario{id=2, monto=1}
Actualizando monto de usuario 2 de 1 a 3
3
Actualizando vendedor 2 con nuevo monto 3
Llamando siftUp y siftDownUsuario{id=2, monto=3}
Después de la transacción:
Comprador: Usuario{id=1, monto=0}
Vendedor: Usuario{id=2, monto=3}
Intercambiando nodo Transaccion{id=1, comprador=1, vendedor=2, monto=2} con nodo Transaccion{id=0, comprador=0, vendedor=1, monto=1}
Antes de la transacción:
Comprador: Usuario{id=2, monto=3}
Vendedor: Usuario{id=3, monto=0}
Actualizando monto de usuario 2 de 3 a 0
0
Actualizando comprador 2 con nuevo monto 0
Llamando siftUp y siftDownUsuario{id=2, monto=0}
Intercambiando nodo Usuario{id=2, monto=0} con nodo Usuario{id=0, monto=0}
Actualizando monto de usuario 3 de 0 a 3
3
Actualizando vendedor 3 con nuevo monto 3
Llamando siftUp y siftDownUsuario{id=3, monto=3}
Intercambiando nodo Usuario{id=3, monto=3} con nodo Usuario{id=2, monto=0}
Intercambiando nodo Usuario{id=3, monto=3} con nodo Usuario{id=0, monto=0}
Después de la transacción:
Comprador: Usuario{id=2, monto=0}
Vendedor: Usuario{id=3, monto=3}
Intercambiando nodo Transaccion{id=2, comprador=2, vendedor=3, monto=3} con nodo Transaccion{id=1, comprador=1, vendedor=2, monto=2}
Antes de la transacción:
Comprador: Usuario{id=3, monto=3}
Vendedor: Usuario{id=1, monto=0}
Actualizando monto de usuario 3 de 3 a 1
1
Actualizando comprador 3 con nuevo monto 1
Llamando siftUp y siftDownUsuario{id=3, monto=1}
Actualizando monto de usuario 1 de 0 a 2
2
Actualizando vendedor 1 con nuevo monto 2
Llamando siftUp y siftDownUsuario{id=1, monto=2}
Intercambiando nodo Usuario{id=1, monto=2} con nodo Usuario{id=3, monto=1}
Después de la transacción:
Comprador: Usuario{id=3, monto=1}
Vendedor: Usuario{id=1, monto=2}
Intercambiando nodo Transaccion{id=3, comprador=3, vendedor=1, monto=2} con nodo Transaccion{id=0, comprador=0, vendedor=1, monto=1}
Antes de la transacción:
Comprador: Usuario{id=1, monto=2}
Vendedor: Usuario{id=2, monto=0}
Actualizando monto de usuario 1 de 2 a 1
1
Actualizando comprador 1 con nuevo monto 1
Llamando siftUp y siftDownUsuario{id=1, monto=1}
Actualizando monto de usuario 2 de 0 a 1
1
Actualizando vendedor 2 con nuevo monto 1
Llamando siftUp y siftDownUsuario{id=2, monto=1}
Intercambiando nodo Usuario{id=2, monto=1} con nodo Usuario{id=0, monto=0}
Después de la transacción:
Comprador: Usuario{id=1, monto=1}
Vendedor: Usuario{id=2, monto=1}
Antes de la transacción:
Comprador: Usuario{id=2, monto=1}
Vendedor: Usuario{id=3, monto=1}
Actualizando monto de usuario 2 de 1 a 0
0
Actualizando comprador 2 con nuevo monto 0
Llamando siftUp y siftDownUsuario{id=2, monto=0}
Intercambiando nodo Usuario{id=2, monto=0} con nodo Usuario{id=0, monto=0}
Actualizando monto de usuario 3 de 1 a 2
2
Actualizando vendedor 3 con nuevo monto 2
Llamando siftUp y siftDownUsuario{id=3, monto=2}
Intercambiando nodo Usuario{id=3, monto=2} con nodo Usuario{id=1, monto=1}
Después de la transacción:
Comprador: Usuario{id=2, monto=0}
Vendedor: Usuario{id=3, monto=2}
Transacciones agregadas al bloque:
Tx: comprador=0, vendedor=1, monto=1, id de transaccion= 0
Tx: comprador=1, vendedor=2, monto=2, id de transaccion= 1
Tx: comprador=2, vendedor=3, monto=3, id de transaccion= 2
Tx: comprador=3, vendedor=1, monto=2, id de transaccion= 3
Tx: comprador=1, vendedor=2, monto=1, id de transaccion= 4
Tx: comprador=2, vendedor=3, monto=1, id de transaccion= 5
Intercambiando nodo Transaccion{id=2, comprador=2, vendedor=3, monto=3} con nodo Transaccion{id=4, comprador=1, vendedor=2, monto=1}
Intercambiando nodo Transaccion{id=4, comprador=1, vendedor=2, monto=1} con nodo Transaccion{id=3, comprador=3, vendedor=1, monto=2}
Intercambiando nodo Transaccion{id=4, comprador=1, vendedor=2, monto=1} con nodo Transaccion{id=5, comprador=2, vendedor=3, monto=1}
Hackeando transacción: Transaccion{id=2, comprador=2, vendedor=3, monto=3}
Transacciones restantes en el último bloque: [id=0, compr=0, vend=1, m=1] [id=1, compr=1, vend=2, m=2] [id=3, compr=3, vend=1, m=2] [id=4, compr=1, vend=2, m=1] [id=5, compr=2, vend=3, m=1]
Intercambiando nodo Transaccion{id=3, comprador=3, vendedor=1, monto=2} con nodo Transaccion{id=1, comprador=1, vendedor=2, monto=2}
Hackeando transacción: Transaccion{id=3, comprador=3, vendedor=1, monto=2}
Transacciones restantes en el último bloque: [id=0, compr=0, vend=1, m=1] [id=1, compr=1, vend=2, m=2] [id=4, compr=1, vend=2, m=1] [id=5, compr=2, vend=3, m=1]
Máximo del heap: Usuario{id=3, monto=2}
]]></system-out>
  </testcase>
  <testcase name="agregarBloque" classname="aed.BerretacoinTests" time="0.002">
    <system-out><![CDATA[Creando usuario 1
Creando usuario 2
Creando usuario 3
Creando usuario 4
Creando usuario 5
Creando usuario 6
Creando usuario 7
Creando usuario 8
Creando usuario 9
Creando usuario 10
Antes de la transacción:
Comprador: Usuario{id=0, monto=0}
Vendedor: Usuario{id=2, monto=0}
Actualizando monto de usuario 2 de 0 a 1
1
Actualizando vendedor 2 con nuevo monto 1
Llamando siftUp y siftDownUsuario{id=2, monto=1}
Intercambiando nodo Usuario{id=2, monto=1} con nodo Usuario{id=0, monto=0}
Después de la transacción:
Comprador: Usuario{id=0, monto=0}
Vendedor: Usuario{id=2, monto=1}
Antes de la transacción:
Comprador: Usuario{id=2, monto=1}
Vendedor: Usuario{id=3, monto=0}
Actualizando monto de usuario 2 de 1 a 0
0
Actualizando comprador 2 con nuevo monto 0
Llamando siftUp y siftDownUsuario{id=2, monto=0}
Intercambiando nodo Usuario{id=2, monto=0} con nodo Usuario{id=0, monto=0}
Actualizando monto de usuario 3 de 0 a 1
1
Actualizando vendedor 3 con nuevo monto 1
Llamando siftUp y siftDownUsuario{id=3, monto=1}
Intercambiando nodo Usuario{id=3, monto=1} con nodo Usuario{id=1, monto=0}
Intercambiando nodo Usuario{id=3, monto=1} con nodo Usuario{id=0, monto=0}
Después de la transacción:
Comprador: Usuario{id=2, monto=0}
Vendedor: Usuario{id=3, monto=1}
Intercambiando nodo Transaccion{id=1, comprador=2, vendedor=3, monto=1} con nodo Transaccion{id=0, comprador=0, vendedor=2, monto=1}
Antes de la transacción:
Comprador: Usuario{id=3, monto=1}
Vendedor: Usuario{id=4, monto=0}
Actualizando monto de usuario 3 de 1 a 0
0
Actualizando comprador 3 con nuevo monto 0
Llamando siftUp y siftDownUsuario{id=3, monto=0}
Intercambiando nodo Usuario{id=3, monto=0} con nodo Usuario{id=0, monto=0}
Intercambiando nodo Usuario{id=3, monto=0} con nodo Usuario{id=1, monto=0}
Actualizando monto de usuario 4 de 0 a 1
1
Actualizando vendedor 4 con nuevo monto 1
Llamando siftUp y siftDownUsuario{id=4, monto=1}
Intercambiando nodo Usuario{id=4, monto=1} con nodo Usuario{id=2, monto=0}
Intercambiando nodo Usuario{id=4, monto=1} con nodo Usuario{id=0, monto=0}
Después de la transacción:
Comprador: Usuario{id=3, monto=0}
Vendedor: Usuario{id=4, monto=1}
Intercambiando nodo Transaccion{id=2, comprador=3, vendedor=4, monto=1} con nodo Transaccion{id=1, comprador=2, vendedor=3, monto=1}
Transacciones agregadas al bloque:
Tx: comprador=0, vendedor=2, monto=1, id de transaccion= 0
Tx: comprador=2, vendedor=3, monto=1, id de transaccion= 1
Tx: comprador=3, vendedor=4, monto=1, id de transaccion= 2
Máximo del heap: Usuario{id=4, monto=1}
]]></system-out>
  </testcase>
  <testcase name="bloqueConSoloTransaccionDeCreacion" classname="aed.BerretacoinTests" time="0.001">
    <system-out><![CDATA[Creando usuario 1
Creando usuario 2
Creando usuario 3
Creando usuario 4
Creando usuario 5
Creando usuario 6
Creando usuario 7
Creando usuario 8
Creando usuario 9
Creando usuario 10
Antes de la transacción:
Comprador: Usuario{id=0, monto=0}
Vendedor: Usuario{id=3, monto=0}
Actualizando monto de usuario 3 de 0 a 1
1
Actualizando vendedor 3 con nuevo monto 1
Llamando siftUp y siftDownUsuario{id=3, monto=1}
Intercambiando nodo Usuario{id=3, monto=1} con nodo Usuario{id=1, monto=0}
Intercambiando nodo Usuario{id=3, monto=1} con nodo Usuario{id=0, monto=0}
Después de la transacción:
Comprador: Usuario{id=0, monto=0}
Vendedor: Usuario{id=3, monto=1}
Transacciones agregadas al bloque:
Tx: comprador=0, vendedor=3, monto=1, id de transaccion= 0
Máximo del heap: Usuario{id=3, monto=1}
]]></system-out>
  </testcase>
  <testcase name="hackearConVariosBloques" classname="aed.BerretacoinTests" time="0.002">
    <failure message="expected: &lt;3&gt; but was: &lt;2&gt;" type="org.opentest4j.AssertionFailedError"><![CDATA[org.opentest4j.AssertionFailedError: expected: <3> but was: <2>
	at org.junit.jupiter.api.AssertionFailureBuilder.build(AssertionFailureBuilder.java:151)
	at org.junit.jupiter.api.AssertionFailureBuilder.buildAndThrow(AssertionFailureBuilder.java:132)
	at org.junit.jupiter.api.AssertEquals.failNotEqual(AssertEquals.java:197)
	at org.junit.jupiter.api.AssertEquals.assertEquals(AssertEquals.java:150)
	at org.junit.jupiter.api.AssertEquals.assertEquals(AssertEquals.java:145)
	at org.junit.jupiter.api.Assertions.assertEquals(Assertions.java:528)
	at aed.BerretacoinTests.hackearConVariosBloques(BerretacoinTests.java:323)
	at java.base/jdk.internal.reflect.DirectMethodHandleAccessor.invoke(DirectMethodHandleAccessor.java:103)
	at java.base/java.lang.reflect.Method.invoke(Method.java:580)
	at org.junit.platform.commons.util.ReflectionUtils.invokeMethod(ReflectionUtils.java:727)
	at org.junit.jupiter.engine.execution.MethodInvocation.proceed(MethodInvocation.java:60)
	at org.junit.jupiter.engine.execution.InvocationInterceptorChain$ValidatingInvocation.proceed(InvocationInterceptorChain.java:131)
	at org.junit.jupiter.engine.extension.TimeoutExtension.intercept(TimeoutExtension.java:156)
	at org.junit.jupiter.engine.extension.TimeoutExtension.interceptTestableMethod(TimeoutExtension.java:147)
	at org.junit.jupiter.engine.extension.TimeoutExtension.interceptTestMethod(TimeoutExtension.java:86)
	at org.junit.jupiter.engine.execution.InterceptingExecutableInvoker$ReflectiveInterceptorCall.lambda$ofVoidMethod$0(InterceptingExecutableInvoker.java:103)
	at org.junit.jupiter.engine.execution.InterceptingExecutableInvoker.lambda$invoke$0(InterceptingExecutableInvoker.java:93)
	at org.junit.jupiter.engine.execution.InvocationInterceptorChain$InterceptedInvocation.proceed(InvocationInterceptorChain.java:106)
	at org.junit.jupiter.engine.execution.InvocationInterceptorChain.proceed(InvocationInterceptorChain.java:64)
	at org.junit.jupiter.engine.execution.InvocationInterceptorChain.chainAndInvoke(InvocationInterceptorChain.java:45)
	at org.junit.jupiter.engine.execution.InvocationInterceptorChain.invoke(InvocationInterceptorChain.java:37)
	at org.junit.jupiter.engine.execution.InterceptingExecutableInvoker.invoke(InterceptingExecutableInvoker.java:92)
	at org.junit.jupiter.engine.execution.InterceptingExecutableInvoker.invoke(InterceptingExecutableInvoker.java:86)
	at org.junit.jupiter.engine.descriptor.TestMethodTestDescriptor.lambda$invokeTestMethod$7(TestMethodTestDescriptor.java:217)
	at org.junit.platform.engine.support.hierarchical.ThrowableCollector.execute(ThrowableCollector.java:73)
	at org.junit.jupiter.engine.descriptor.TestMethodTestDescriptor.invokeTestMethod(TestMethodTestDescriptor.java:213)
	at org.junit.jupiter.engine.descriptor.TestMethodTestDescriptor.execute(TestMethodTestDescriptor.java:138)
	at org.junit.jupiter.engine.descriptor.TestMethodTestDescriptor.execute(TestMethodTestDescriptor.java:68)
	at org.junit.platform.engine.support.hierarchical.NodeTestTask.lambda$executeRecursively$6(NodeTestTask.java:151)
	at org.junit.platform.engine.support.hierarchical.ThrowableCollector.execute(ThrowableCollector.java:73)
	at org.junit.platform.engine.support.hierarchical.NodeTestTask.lambda$executeRecursively$8(NodeTestTask.java:141)
	at org.junit.platform.engine.support.hierarchical.Node.around(Node.java:137)
	at org.junit.platform.engine.support.hierarchical.NodeTestTask.lambda$executeRecursively$9(NodeTestTask.java:139)
	at org.junit.platform.engine.support.hierarchical.ThrowableCollector.execute(ThrowableCollector.java:73)
	at org.junit.platform.engine.support.hierarchical.NodeTestTask.executeRecursively(NodeTestTask.java:138)
	at org.junit.platform.engine.support.hierarchical.NodeTestTask.execute(NodeTestTask.java:95)
	at java.base/java.util.ArrayList.forEach(ArrayList.java:1597)
	at org.junit.platform.engine.support.hierarchical.SameThreadHierarchicalTestExecutorService.invokeAll(SameThreadHierarchicalTestExecutorService.java:41)
	at org.junit.platform.engine.support.hierarchical.NodeTestTask.lambda$executeRecursively$6(NodeTestTask.java:155)
	at org.junit.platform.engine.support.hierarchical.ThrowableCollector.execute(ThrowableCollector.java:73)
	at org.junit.platform.engine.support.hierarchical.NodeTestTask.lambda$executeRecursively$8(NodeTestTask.java:141)
	at org.junit.platform.engine.support.hierarchical.Node.around(Node.java:137)
	at org.junit.platform.engine.support.hierarchical.NodeTestTask.lambda$executeRecursively$9(NodeTestTask.java:139)
	at org.junit.platform.engine.support.hierarchical.ThrowableCollector.execute(ThrowableCollector.java:73)
	at org.junit.platform.engine.support.hierarchical.NodeTestTask.executeRecursively(NodeTestTask.java:138)
	at org.junit.platform.engine.support.hierarchical.NodeTestTask.execute(NodeTestTask.java:95)
	at java.base/java.util.ArrayList.forEach(ArrayList.java:1597)
	at org.junit.platform.engine.support.hierarchical.SameThreadHierarchicalTestExecutorService.invokeAll(SameThreadHierarchicalTestExecutorService.java:41)
	at org.junit.platform.engine.support.hierarchical.NodeTestTask.lambda$executeRecursively$6(NodeTestTask.java:155)
	at org.junit.platform.engine.support.hierarchical.ThrowableCollector.execute(ThrowableCollector.java:73)
	at org.junit.platform.engine.support.hierarchical.NodeTestTask.lambda$executeRecursively$8(NodeTestTask.java:141)
	at org.junit.platform.engine.support.hierarchical.Node.around(Node.java:137)
	at org.junit.platform.engine.support.hierarchical.NodeTestTask.lambda$executeRecursively$9(NodeTestTask.java:139)
	at org.junit.platform.engine.support.hierarchical.ThrowableCollector.execute(ThrowableCollector.java:73)
	at org.junit.platform.engine.support.hierarchical.NodeTestTask.executeRecursively(NodeTestTask.java:138)
	at org.junit.platform.engine.support.hierarchical.NodeTestTask.execute(NodeTestTask.java:95)
	at org.junit.platform.engine.support.hierarchical.SameThreadHierarchicalTestExecutorService.submit(SameThreadHierarchicalTestExecutorService.java:35)
	at org.junit.platform.engine.support.hierarchical.HierarchicalTestExecutor.execute(HierarchicalTestExecutor.java:57)
	at org.junit.platform.engine.support.hierarchical.HierarchicalTestEngine.execute(HierarchicalTestEngine.java:54)
	at org.junit.platform.launcher.core.EngineExecutionOrchestrator.execute(EngineExecutionOrchestrator.java:147)
	at org.junit.platform.launcher.core.EngineExecutionOrchestrator.execute(EngineExecutionOrchestrator.java:127)
	at org.junit.platform.launcher.core.EngineExecutionOrchestrator.execute(EngineExecutionOrchestrator.java:90)
	at org.junit.platform.launcher.core.EngineExecutionOrchestrator.lambda$execute$0(EngineExecutionOrchestrator.java:55)
	at org.junit.platform.launcher.core.EngineExecutionOrchestrator.withInterceptedStreams(EngineExecutionOrchestrator.java:102)
	at org.junit.platform.launcher.core.EngineExecutionOrchestrator.execute(EngineExecutionOrchestrator.java:54)
	at org.junit.platform.launcher.core.DefaultLauncher.execute(DefaultLauncher.java:114)
	at org.junit.platform.launcher.core.DefaultLauncher.execute(DefaultLauncher.java:86)
	at org.junit.platform.launcher.core.DefaultLauncherSession$DelegatingLauncher.execute(DefaultLauncherSession.java:86)
	at org.apache.maven.surefire.junitplatform.LazyLauncher.execute(LazyLauncher.java:50)
	at org.apache.maven.surefire.junitplatform.JUnitPlatformProvider.execute(JUnitPlatformProvider.java:184)
	at org.apache.maven.surefire.junitplatform.JUnitPlatformProvider.invokeAllTests(JUnitPlatformProvider.java:148)
[...]
Actualizando monto de usuario 3 de 1 a 0
0
Actualizando comprador 3 con nuevo monto 0
Llamando siftUp y siftDownUsuario{id=3, monto=0}
Intercambiando nodo Usuario{id=3, monto=0} con nodo Usuario{id=0, monto=0}
Intercambiando nodo Usuario{id=3, monto=0} con nodo Usuario{id=1, monto=0}
Actualizando monto de usuario 4 de 0 a 1
1
Actualizando vendedor 4 con nuevo monto 1
Llamando siftUp y siftDownUsuario{id=4, monto=1}
Intercambiando nodo Usuario{id=4, monto=1} con nodo Usuario{id=2, monto=0}
Intercambiando nodo Usuario{id=4, monto=1} con nodo Usuario{id=0, monto=0}
Después de la transacción:
Comprador: Usuario{id=3, monto=0}
Vendedor: Usuario{id=4, monto=1}
Intercambiando nodo Transaccion{id=2, comprador=3, vendedor=4, monto=1} con nodo Transaccion{id=1, comprador=2, vendedor=3, monto=1}
Transacciones agregadas al bloque:
Tx: comprador=0, vendedor=2, monto=1, id de transaccion= 0
Tx: comprador=2, vendedor=3, monto=1, id de transaccion= 1
Tx: comprador=3, vendedor=4, monto=1, id de transaccion= 2
Intercambiando nodo Transaccion{id=2, comprador=3, vendedor=4, monto=1} con nodo Transaccion{id=1, comprador=2, vendedor=3, monto=1}
Hackeando transacción: Transaccion{id=2, comprador=3, vendedor=4, monto=1}
Transacciones restantes en el último bloque: [id=0, compr=0, vend=2, m=1] [id=1, compr=2, vend=3, m=1]
Máximo del heap: Usuario{id=4, monto=1}
]]></system-out>
  </testcase>
  <testcase name="hackeoAfectaSaldos" classname="aed.BerretacoinTests" time="0.015">
    <failure message="expected: &lt;1&gt; but was: &lt;2&gt;" type="org.opentest4j.AssertionFailedError"><![CDATA[org.opentest4j.AssertionFailedError: expected: <1> but was: <2>
	at org.junit.jupiter.api.AssertionFailureBuilder.build(AssertionFailureBuilder.java:151)
	at org.junit.jupiter.api.AssertionFailureBuilder.buildAndThrow(AssertionFailureBuilder.java:132)
	at org.junit.jupiter.api.AssertEquals.failNotEqual(AssertEquals.java:197)
	at org.junit.jupiter.api.AssertEquals.assertEquals(AssertEquals.java:150)
	at org.junit.jupiter.api.AssertEquals.assertEquals(AssertEquals.java:145)
	at org.junit.jupiter.api.Assertions.assertEquals(Assertions.java:528)
	at aed.BerretacoinTests.hackeoAfectaSaldos(BerretacoinTests.java:304)
	at java.base/jdk.internal.reflect.DirectMethodHandleAccessor.invoke(DirectMethodHandleAccessor.java:103)
	at java.base/java.lang.reflect.Method.invoke(Method.java:580)
	at org.junit.platform.commons.util.ReflectionUtils.invokeMethod(ReflectionUtils.java:727)
	at org.junit.jupiter.engine.execution.MethodInvocation.proceed(MethodInvocation.java:60)
	at org.junit.jupiter.engine.execution.InvocationInterceptorChain$ValidatingInvocation.proceed(InvocationInterceptorChain.java:131)
	at org.junit.jupiter.engine.extension.TimeoutExtension.intercept(TimeoutExtension.java:156)
	at org.junit.jupiter.engine.extension.TimeoutExtension.interceptTestableMethod(TimeoutExtension.java:147)
	at org.junit.jupiter.engine.extension.TimeoutExtension.interceptTestMethod(TimeoutExtension.java:86)
	at org.junit.jupiter.engine.execution.InterceptingExecutableInvoker$ReflectiveInterceptorCall.lambda$ofVoidMethod$0(InterceptingExecutableInvoker.java:103)
	at org.junit.jupiter.engine.execution.InterceptingExecutableInvoker.lambda$invoke$0(InterceptingExecutableInvoker.java:93)
	at org.junit.jupiter.engine.execution.InvocationInterceptorChain$InterceptedInvocation.proceed(InvocationInterceptorChain.java:106)
	at org.junit.jupiter.engine.execution.InvocationInterceptorChain.proceed(InvocationInterceptorChain.java:64)
	at org.junit.jupiter.engine.execution.InvocationInterceptorChain.chainAndInvoke(InvocationInterceptorChain.java:45)
	at org.junit.jupiter.engine.execution.InvocationInterceptorChain.invoke(InvocationInterceptorChain.java:37)
	at org.junit.jupiter.engine.execution.InterceptingExecutableInvoker.invoke(InterceptingExecutableInvoker.java:92)
	at org.junit.jupiter.engine.execution.InterceptingExecutableInvoker.invoke(InterceptingExecutableInvoker.java:86)
	at org.junit.jupiter.engine.descriptor.TestMethodTestDescriptor.lambda$invokeTestMethod$7(TestMethodTestDescriptor.java:217)
	at org.junit.platform.engine.support.hierarchical.ThrowableCollector.execute(ThrowableCollector.java:73)
	at org.junit.jupiter.engine.descriptor.TestMethodTestDescriptor.invokeTestMethod(TestMethodTestDescriptor.java:213)
	at org.junit.jupiter.engine.descriptor.TestMethodTestDescriptor.execute(TestMethodTestDescriptor.java:138)
	at org.junit.jupiter.engine.descriptor.TestMethodTestDescriptor.execute(TestMethodTestDescriptor.java:68)
	at org.junit.platform.engine.support.hierarchical.NodeTestTask.lambda$executeRecursively$6(NodeTestTask.java:151)
	at org.junit.platform.engine.support.hierarchical.ThrowableCollector.execute(ThrowableCollector.java:73)
	at org.junit.platform.engine.support.hierarchical.NodeTestTask.lambda$executeRecursively$8(NodeTestTask.java:141)
	at org.junit.platform.engine.support.hierarchical.Node.around(Node.java:137)
	at org.junit.platform.engine.support.hierarchical.NodeTestTask.lambda$executeRecursively$9(NodeTestTask.java:139)
	at org.junit.platform.engine.support.hierarchical.ThrowableCollector.execute(ThrowableCollector.java:73)
	at org.junit.platform.engine.support.hierarchical.NodeTestTask.executeRecursively(NodeTestTask.java:138)
	at org.junit.platform.engine.support.hierarchical.NodeTestTask.execute(NodeTestTask.java:95)
	at java.base/java.util.ArrayList.forEach(ArrayList.java:1597)
	at org.junit.platform.engine.support.hierarchical.SameThreadHierarchicalTestExecutorService.invokeAll(SameThreadHierarchicalTestExecutorService.java:41)
	at org.junit.platform.engine.support.hierarchical.NodeTestTask.lambda$executeRecursively$6(NodeTestTask.java:155)
	at org.junit.platform.engine.support.hierarchical.ThrowableCollector.execute(ThrowableCollector.java:73)
	at org.junit.platform.engine.support.hierarchical.NodeTestTask.lambda$executeRecursively$8(NodeTestTask.java:141)
	at org.junit.platform.engine.support.hierarchical.Node.around(Node.java:137)
	at org.junit.platform.engine.support.hierarchical.NodeTestTask.lambda$executeRecursively$9(NodeTestTask.java:139)
	at org.junit.platform.engine.support.hierarchical.ThrowableCollector.execute(ThrowableCollector.java:73)
	at org.junit.platform.engine.support.hierarchical.NodeTestTask.executeRecursively(NodeTestTask.java:138)
	at org.junit.platform.engine.support.hierarchical.NodeTestTask.execute(NodeTestTask.java:95)
	at java.base/java.util.ArrayList.forEach(ArrayList.java:1597)
	at org.junit.platform.engine.support.hierarchical.SameThreadHierarchicalTestExecutorService.invokeAll(SameThreadHierarchicalTestExecutorService.java:41)
	at org.junit.platform.engine.support.hierarchical.NodeTestTask.lambda$executeRecursively$6(NodeTestTask.java:155)
	at org.junit.platform.engine.support.hierarchical.ThrowableCollector.execute(ThrowableCollector.java:73)
	at org.junit.platform.engine.support.hierarchical.NodeTestTask.lambda$executeRecursively$8(NodeTestTask.java:141)
	at org.junit.platform.engine.support.hierarchical.Node.around(Node.java:137)
	at org.junit.platform.engine.support.hierarchical.NodeTestTask.lambda$executeRecursively$9(NodeTestTask.java:139)
	at org.junit.platform.engine.support.hierarchical.ThrowableCollector.execute(ThrowableCollector.java:73)
	at org.junit.platform.engine.support.hierarchical.NodeTestTask.executeRecursively(NodeTestTask.java:138)
	at org.junit.platform.engine.support.hierarchical.NodeTestTask.execute(NodeTestTask.java:95)
	at org.junit.platform.engine.support.hierarchical.SameThreadHierarchicalTestExecutorService.submit(SameThreadHierarchicalTestExecutorService.java:35)
	at org.junit.platform.engine.support.hierarchical.HierarchicalTestExecutor.execute(HierarchicalTestExecutor.java:57)
	at org.junit.platform.engine.support.hierarchical.HierarchicalTestEngine.execute(HierarchicalTestEngine.java:54)
	at org.junit.platform.launcher.core.EngineExecutionOrchestrator.execute(EngineExecutionOrchestrator.java:147)
	at org.junit.platform.launcher.core.EngineExecutionOrchestrator.execute(EngineExecutionOrchestrator.java:127)
	at org.junit.platform.launcher.core.EngineExecutionOrchestrator.execute(EngineExecutionOrchestrator.java:90)
	at org.junit.platform.launcher.core.EngineExecutionOrchestrator.lambda$execute$0(EngineExecutionOrchestrator.java:55)
	at org.junit.platform.launcher.core.EngineExecutionOrchestrator.withInterceptedStreams(EngineExecutionOrchestrator.java:102)
	at org.junit.platform.launcher.core.EngineExecutionOrchestrator.execute(EngineExecutionOrchestrator.java:54)
	at org.junit.platform.launcher.core.DefaultLauncher.execute(DefaultLauncher.java:114)
	at org.junit.platform.launcher.core.DefaultLauncher.execute(DefaultLauncher.java:86)
	at org.junit.platform.launcher.core.DefaultLauncherSession$DelegatingLauncher.execute(DefaultLauncherSession.java:86)
	at org.apache.maven.surefire.junitplatform.LazyLauncher.execute(LazyLauncher.java:50)
	at org.apache.maven.surefire.junitplatform.JUnitPlatformProvider.execute(JUnitPlatformProvider.java:184)
	at org.apache.maven.surefire.junitplatform.JUnitPlatformProvider.invokeAllTests(JUnitPlatformProvider.java:148)
	at org.apache.maven.surefire.junitplatform.JUnitPlatformProvider.invoke(JUnitPlatformProvider.java:122)
	at org.apache.maven.surefire.booter.ForkedBooter.runSuitesInProcess(ForkedBooter.java:385)
	at org.apache.maven.surefire.booter.ForkedBooter.execute(ForkedBooter.java:162)
	at org.apache.maven.surefire.booter.ForkedBooter.run(ForkedBooter.java:507)
	at org.apache.maven.surefire.booter.ForkedBooter.main(ForkedBooter.java:495)
]]></failure>
    <system-out><![CDATA[Creando usuario 1
Creando usuario 2
Creando usuario 3
Creando usuario 4
Creando usuario 5
Creando usuario 6
Creando usuario 7
Creando usuario 8
Creando usuario 9
Creando usuario 10
Antes de la transacción:
Comprador: Usuario{id=0, monto=0}
Vendedor: Usuario{id=1, monto=0}
Actualizando monto de usuario 1 de 0 a 1
1
Actualizando vendedor 1 con nuevo monto 1
Llamando siftUp y siftDownUsuario{id=1, monto=1}
Intercambiando nodo Usuario{id=1, monto=1} con nodo Usuario{id=0, monto=0}
Después de la transacción:
Comprador: Usuario{id=0, monto=0}
Vendedor: Usuario{id=1, monto=1}
Antes de la transacción:
Comprador: Usuario{id=1, monto=1}
Vendedor: Usuario{id=2, monto=0}
Actualizando monto de usuario 1 de 1 a 0
0
Actualizando comprador 1 con nuevo monto 0
Llamando siftUp y siftDownUsuario{id=1, monto=0}
Intercambiando nodo Usuario{id=1, monto=0} con nodo Usuario{id=0, monto=0}
Actualizando monto de usuario 2 de 0 a 1
1
Actualizando vendedor 2 con nuevo monto 1
Llamando siftUp y siftDownUsuario{id=2, monto=1}
Intercambiando nodo Usuario{id=2, monto=1} con nodo Usuario{id=0, monto=0}
Después de la transacción:
Comprador: Usuario{id=1, monto=0}
Vendedor: Usuario{id=2, monto=1}
Intercambiando nodo Transaccion{id=1, comprador=1, vendedor=2, monto=1} con nodo Transaccion{id=0, comprador=0, vendedor=1, monto=1}
Transacciones agregadas al bloque:
Tx: comprador=0, vendedor=1, monto=1, id de transaccion= 0
Tx: comprador=1, vendedor=2, monto=1, id de transaccion= 1
Máximo del heap: Usuario{id=2, monto=1}
Intercambiando nodo Transaccion{id=1, comprador=1, vendedor=2, monto=1} con nodo Transaccion{id=0, comprador=0, vendedor=1, monto=1}
Hackeando transacción: Transaccion{id=1, comprador=1, vendedor=2, monto=1}
Transacciones restantes en el último bloque: [id=0, compr=0, vend=1, m=1]
Máximo del heap: Usuario{id=2, monto=1}
]]></system-out>
  </testcase>
  <testcase name="unSoloUsuario" classname="aed.BerretacoinTests" time="0.009">
    <failure message="expected: &lt;1&gt; but was: &lt;0&gt;" type="org.opentest4j.AssertionFailedError"><![CDATA[org.opentest4j.AssertionFailedError: expected: <1> but was: <0>
	at org.junit.jupiter.api.AssertionFailureBuilder.build(AssertionFailureBuilder.java:151)
	at org.junit.jupiter.api.AssertionFailureBuilder.buildAndThrow(AssertionFailureBuilder.java:132)
	at org.junit.jupiter.api.AssertEquals.failNotEqual(AssertEquals.java:197)
	at org.junit.jupiter.api.AssertEquals.assertEquals(AssertEquals.java:150)
	at org.junit.jupiter.api.AssertEquals.assertEquals(AssertEquals.java:145)
	at org.junit.jupiter.api.Assertions.assertEquals(Assertions.java:528)
	at aed.BerretacoinTests.unSoloUsuario(BerretacoinTests.java:108)
	at java.base/jdk.internal.reflect.DirectMethodHandleAccessor.invoke(DirectMethodHandleAccessor.java:103)
	at java.base/java.lang.reflect.Method.invoke(Method.java:580)
	at org.junit.platform.commons.util.ReflectionUtils.invokeMethod(ReflectionUtils.java:727)
	at org.junit.jupiter.engine.execution.MethodInvocation.proceed(MethodInvocation.java:60)
	at org.junit.jupiter.engine.execution.InvocationInterceptorChain$ValidatingInvocation.proceed(InvocationInterceptorChain.java:131)
	at org.junit.jupiter.engine.extension.TimeoutExtension.intercept(TimeoutExtension.java:156)
	at org.junit.jupiter.engine.extension.TimeoutExtension.interceptTestableMethod(TimeoutExtension.java:147)
	at org.junit.jupiter.engine.extension.TimeoutExtension.interceptTestMethod(TimeoutExtension.java:86)
	at org.junit.jupiter.engine.execution.InterceptingExecutableInvoker$ReflectiveInterceptorCall.lambda$ofVoidMethod$0(InterceptingExecutableInvoker.java:103)
	at org.junit.jupiter.engine.execution.InterceptingExecutableInvoker.lambda$invoke$0(InterceptingExecutableInvoker.java:93)
	at org.junit.jupiter.engine.execution.InvocationInterceptorChain$InterceptedInvocation.proceed(InvocationInterceptorChain.java:106)
	at org.junit.jupiter.engine.execution.InvocationInterceptorChain.proceed(InvocationInterceptorChain.java:64)
	at org.junit.jupiter.engine.execution.InvocationInterceptorChain.chainAndInvoke(InvocationInterceptorChain.java:45)
	at org.junit.jupiter.engine.execution.InvocationInterceptorChain.invoke(InvocationInterceptorChain.java:37)
	at org.junit.jupiter.engine.execution.InterceptingExecutableInvoker.invoke(InterceptingExecutableInvoker.java:92)
	at org.junit.jupiter.engine.execution.InterceptingExecutableInvoker.invoke(InterceptingExecutableInvoker.java:86)
	at org.junit.jupiter.engine.descriptor.TestMethodTestDescriptor.lambda$invokeTestMethod$7(TestMethodTestDescriptor.java:217)
	at org.junit.platform.engine.support.hierarchical.ThrowableCollector.execute(ThrowableCollector.java:73)
	at org.junit.jupiter.engine.descriptor.TestMethodTestDescriptor.invokeTestMethod(TestMethodTestDescriptor.java:213)
	at org.junit.jupiter.engine.descriptor.TestMethodTestDescriptor.execute(TestMethodTestDescriptor.java:138)
	at org.junit.jupiter.engine.descriptor.TestMethodTestDescriptor.execute(TestMethodTestDescriptor.java:68)
	at org.junit.platform.engine.support.hierarchical.NodeTestTask.lambda$executeRecursively$6(NodeTestTask.java:151)
	at org.junit.platform.engine.support.hierarchical.ThrowableCollector.execute(ThrowableCollector.java:73)
	at org.junit.platform.engine.support.hierarchical.NodeTestTask.lambda$executeRecursively$8(NodeTestTask.java:141)
	at org.junit.platform.engine.support.hierarchical.Node.around(Node.java:137)
	at org.junit.platform.engine.support.hierarchical.NodeTestTask.lambda$executeRecursively$9(NodeTestTask.java:139)
	at org.junit.platform.engine.support.hierarchical.ThrowableCollector.execute(ThrowableCollector.java:73)
	at org.junit.platform.engine.support.hierarchical.NodeTestTask.executeRecursively(NodeTestTask.java:138)
	at org.junit.platform.engine.support.hierarchical.NodeTestTask.execute(NodeTestTask.java:95)
	at java.base/java.util.ArrayList.forEach(ArrayList.java:1597)
	at org.junit.platform.engine.support.hierarchical.SameThreadHierarchicalTestExecutorService.invokeAll(SameThreadHierarchicalTestExecutorService.java:41)
	at org.junit.platform.engine.support.hierarchical.NodeTestTask.lambda$executeRecursively$6(NodeTestTask.java:155)
	at org.junit.platform.engine.support.hierarchical.ThrowableCollector.execute(ThrowableCollector.java:73)
	at org.junit.platform.engine.support.hierarchical.NodeTestTask.lambda$executeRecursively$8(NodeTestTask.java:141)
	at org.junit.platform.engine.support.hierarchical.Node.around(Node.java:137)
	at org.junit.platform.engine.support.hierarchical.NodeTestTask.lambda$executeRecursively$9(NodeTestTask.java:139)
	at org.junit.platform.engine.support.hierarchical.ThrowableCollector.execute(ThrowableCollector.java:73)
	at org.junit.platform.engine.support.hierarchical.NodeTestTask.executeRecursively(NodeTestTask.java:138)
	at org.junit.platform.engine.support.hierarchical.NodeTestTask.execute(NodeTestTask.java:95)
	at java.base/java.util.ArrayList.forEach(ArrayList.java:1597)
	at org.junit.platform.engine.support.hierarchical.SameThreadHierarchicalTestExecutorService.invokeAll(SameThreadHierarchicalTestExecutorService.java:41)
	at org.junit.platform.engine.support.hierarchical.NodeTestTask.lambda$executeRecursively$6(NodeTestTask.java:155)
	at org.junit.platform.engine.support.hierarchical.ThrowableCollector.execute(ThrowableCollector.java:73)
	at org.junit.platform.engine.support.hierarchical.NodeTestTask.lambda$executeRecursively$8(NodeTestTask.java:141)
	at org.junit.platform.engine.support.hierarchical.Node.around(Node.java:137)
	at org.junit.platform.engine.support.hierarchical.NodeTestTask.lambda$executeRecursively$9(NodeTestTask.java:139)
	at org.junit.platform.engine.support.hierarchical.ThrowableCollector.execute(ThrowableCollector.java:73)
	at org.junit.platform.engine.support.hierarchical.NodeTestTask.executeRecursively(NodeTestTask.java:138)
	at org.junit.platform.engine.support.hierarchical.NodeTestTask.execute(NodeTestTask.java:95)
	at org.junit.platform.engine.support.hierarchical.SameThreadHierarchicalTestExecutorService.submit(SameThreadHierarchicalTestExecutorService.java:35)
	at org.junit.platform.engine.support.hierarchical.HierarchicalTestExecutor.execute(HierarchicalTestExecutor.java:57)
	at org.junit.platform.engine.support.hierarchical.HierarchicalTestEngine.execute(HierarchicalTestEngine.java:54)
	at org.junit.platform.launcher.core.EngineExecutionOrchestrator.execute(EngineExecutionOrchestrator.java:147)
	at org.junit.platform.launcher.core.EngineExecutionOrchestrator.execute(EngineExecutionOrchestrator.java:127)
	at org.junit.platform.launcher.core.EngineExecutionOrchestrator.execute(EngineExecutionOrchestrator.java:90)
	at org.junit.platform.launcher.core.EngineExecutionOrchestrator.lambda$execute$0(EngineExecutionOrchestrator.java:55)
	at org.junit.platform.launcher.core.EngineExecutionOrchestrator.withInterceptedStreams(EngineExecutionOrchestrator.java:102)
	at org.junit.platform.launcher.core.EngineExecutionOrchestrator.execute(EngineExecutionOrchestrator.java:54)
	at org.junit.platform.launcher.core.DefaultLauncher.execute(DefaultLauncher.java:114)
	at org.junit.platform.launcher.core.DefaultLauncher.execute(DefaultLauncher.java:86)
	at org.junit.platform.launcher.core.DefaultLauncherSession$DelegatingLauncher.execute(DefaultLauncherSession.java:86)
	at org.apache.maven.surefire.junitplatform.LazyLauncher.execute(LazyLauncher.java:50)
	at org.apache.maven.surefire.junitplatform.JUnitPlatformProvider.execute(JUnitPlatformProvider.java:184)
	at org.apache.maven.surefire.junitplatform.JUnitPlatformProvider.invokeAllTests(JUnitPlatformProvider.java:148)
	at org.apache.maven.surefire.junitplatform.JUnitPlatformProvider.invoke(JUnitPlatformProvider.java:122)
	at org.apache.maven.surefire.booter.ForkedBooter.runSuitesInProcess(ForkedBooter.java:385)
	at org.apache.maven.surefire.booter.ForkedBooter.execute(ForkedBooter.java:162)
	at org.apache.maven.surefire.booter.ForkedBooter.run(ForkedBooter.java:507)
	at org.apache.maven.surefire.booter.ForkedBooter.main(ForkedBooter.java:495)
]]></failure>
    <system-out><![CDATA[Creando usuario 1
Creando usuario 2
Creando usuario 3
Creando usuario 4
Creando usuario 5
Creando usuario 6
Creando usuario 7
Creando usuario 8
Creando usuario 9
Creando usuario 10
Creando usuario 1
Máximo del heap: Usuario{id=0, monto=0}
]]></system-out>
  </testcase>
</testsuite>